This is pdfTeX, Version 3.1415926-2.3-1.40.12 (MiKTeX 2.9) (preloaded format=pdflatex 2014.6.19)  19 JUN 2014 12:52
entering extended mode
**thesis.tex
(C:\temp\gitsg\al_proj\Report\thesis.tex
LaTeX2e <2011/06/27>
Babel <v3.8m> and hyphenation patterns for english, afrikaans, ancientgreek, ar
abic, armenian, assamese, basque, bengali, bokmal, bulgarian, catalan, coptic, 
croatian, czech, danish, dutch, esperanto, estonian, farsi, finnish, french, ga
lician, german, german-x-2009-06-19, greek, gujarati, hindi, hungarian, iceland
ic, indonesian, interlingua, irish, italian, kannada, kurmanji, lao, latin, lat
vian, lithuanian, malayalam, marathi, mongolian, mongolianlmc, monogreek, ngerm
an, ngerman-x-2009-06-19, nynorsk, oriya, panjabi, pinyin, polish, portuguese, 
romanian, russian, sanskrit, serbian, slovak, slovenian, spanish, swedish, swis
sgerman, tamil, telugu, turkish, turkmen, ukenglish, ukrainian, uppersorbian, u
senglishmax, welsh, loaded.
(C:\temp\gitsg\al_proj\Report\Classes/CUEDthesisPSnPDF.cls

LaTeX Warning: You have requested document class `Classes/CUEDthesisPSnPDF',
               but the document class provides `CUEDthesisPSnPDF'.

Document Class: CUEDthesisPSnPDF 2010/07/14 v1.1 CUED thesis class
("C:\Program Files (x86)\MiKTeX 2.9\tex\latex\base\book.cls"
Document Class: book 2007/10/19 v1.4h Standard LaTeX document class
("C:\Program Files (x86)\MiKTeX 2.9\tex\latex\base\bk11.clo"
File: bk11.clo 2007/10/19 v1.4h Standard LaTeX file (size option)
)
\c@part=\count79
\c@chapter=\count80
\c@section=\count81
\c@subsection=\count82
\c@subsubsection=\count83
\c@paragraph=\count84
\c@subparagraph=\count85
\c@figure=\count86
\c@table=\count87
\abovecaptionskip=\skip41
\belowcaptionskip=\skip42
\bibindent=\dimen102
)
("C:\Program Files (x86)\MiKTeX 2.9\tex\latex\setspace\setspace.sty"
Package: setspace 2000/12/01 6.7 Contributed and Supported LaTeX2e package

Package: `setspace' 6.7 <2000/12/01>
) ("C:\Program Files (x86)\MiKTeX 2.9\tex\latex\tocbibind\tocbibind.sty"
Package: tocbibind 2010/10/13 v1.5k extra ToC listings
Package tocbibind Info: The document has chapter divisions on input line 50.


Package tocbibind Note: Using chapter style headings, unless overridden.

) ("C:\Program Files (x86)\MiKTeX 2.9\tex\latex\amsfonts\amssymb.sty"
Package: amssymb 2009/06/22 v3.00

("C:\Program Files (x86)\MiKTeX 2.9\tex\latex\amsfonts\amsfonts.sty"
Package: amsfonts 2009/06/22 v3.00 Basic AMSFonts support
\@emptytoks=\toks14
\symAMSa=\mathgroup4
\symAMSb=\mathgroup5
LaTeX Font Info:    Overwriting math alphabet `\mathfrak' in version `bold'
(Font)                  U/euf/m/n --> U/euf/b/n on input line 96.
))
("C:\Program Files (x86)\MiKTeX 2.9\tex\latex\fancyhdr\fancyhdr.sty"
\fancy@headwidth=\skip43
\f@ncyO@elh=\skip44
\f@ncyO@erh=\skip45
\f@ncyO@olh=\skip46
\f@ncyO@orh=\skip47
\f@ncyO@elf=\skip48
\f@ncyO@erf=\skip49
\f@ncyO@olf=\skip50
\f@ncyO@orf=\skip51
)
("C:\Program Files (x86)\MiKTeX 2.9\tex\generic\babel\babel.sty"
Package: babel 2008/07/08 v3.8m The Babel package

*************************************
* Local config file bblopts.cfg used
*
("C:\Program Files (x86)\MiKTeX 2.9\tex\latex\00miktex\bblopts.cfg"
File: bblopts.cfg 2006/07/31 v1.0 MiKTeX 'babel' configuration
)
("C:\Program Files (x86)\MiKTeX 2.9\tex\generic\babel\english.ldf"
Language: english 2005/03/30 v3.3o English support from the babel system

("C:\Program Files (x86)\MiKTeX 2.9\tex\generic\babel\babel.def"
File: babel.def 2008/07/08 v3.8m Babel common definitions
\babel@savecnt=\count88
\U@D=\dimen103
)
\l@canadian = a dialect from \language\l@american 
\l@australian = a dialect from \language\l@british 
\l@newzealand = a dialect from \language\l@british 
))
("C:\Program Files (x86)\MiKTeX 2.9\tex\latex\graphics\color.sty"
Package: color 2005/11/14 v1.0j Standard LaTeX Color (DPC)

("C:\Program Files (x86)\MiKTeX 2.9\tex\latex\00miktex\color.cfg"
File: color.cfg 2007/01/18 v1.5 color configuration of teTeX/TeXLive
)
Package color Info: Driver file: pdftex.def on input line 130.

("C:\Program Files (x86)\MiKTeX 2.9\tex\latex\pdftex-def\pdftex.def"
File: pdftex.def 2011/05/27 v0.06d Graphics/color for pdfTeX

("C:\Program Files (x86)\MiKTeX 2.9\tex\generic\oberdiek\infwarerr.sty"
Package: infwarerr 2010/04/08 v1.3 Providing info/warning/message (HO)
)
("C:\Program Files (x86)\MiKTeX 2.9\tex\generic\oberdiek\ltxcmds.sty"
Package: ltxcmds 2011/04/18 v1.20 LaTeX kernel commands for general use (HO)
)
\Gread@gobject=\count89
)
("C:\Program Files (x86)\MiKTeX 2.9\tex\latex\graphics\dvipsnam.def"
File: dvipsnam.def 1999/02/16 v3.0i Driver-dependant file (DPC,SPQR)
))
("C:\Program Files (x86)\MiKTeX 2.9\tex\latex\footmisc\footmisc.sty"
Package: footmisc 2011/06/06 v5.5b a miscellany of footnote facilities
\FN@temptoken=\toks15
\footnotemargin=\dimen104
\c@pp@next@reset=\count90
\c@@fnserial=\count91
Package footmisc Info: Declaring symbol style bringhurst on input line 855.
Package footmisc Info: Declaring symbol style chicago on input line 863.
Package footmisc Info: Declaring symbol style wiley on input line 872.
Package footmisc Info: Declaring symbol style lamport-robust on input line 883.

Package footmisc Info: Declaring symbol style lamport* on input line 903.
Package footmisc Info: Declaring symbol style lamport*-robust on input line 924
.
)
("C:\Program Files (x86)\MiKTeX 2.9\tex\latex\natbib\natbib.sty"
Package: natbib 2010/09/13 8.31b (PWD, AO)
\bibhang=\skip52
\bibsep=\skip53
LaTeX Info: Redefining \cite on input line 694.
\c@NAT@ctr=\count92
)
("C:\Program Files (x86)\MiKTeX 2.9\tex\latex\base\ifthen.sty"
Package: ifthen 2001/05/26 v1.1c Standard LaTeX ifthen package (DPC)
)
("C:\Program Files (x86)\MiKTeX 2.9\tex\generic\oberdiek\ifpdf.sty"
Package: ifpdf 2011/01/30 v2.3 Provides the ifpdf switch (HO)
Package ifpdf Info: pdfTeX in PDF mode is detected.
)
("C:\Program Files (x86)\MiKTeX 2.9\tex\latex\nomencl\nomencl.sty"
Package: nomencl 2005/09/22 v4.2 Nomenclature package (LN)
\nomlabelwidth=\dimen105
\nom@tempdim=\dimen106
\nomitemsep=\skip54
)
\@nomenclaturefile=\write3

Writing nomenclature file thesis.nlo
("C:\Program Files (x86)\MiKTeX 2.9\tex\latex\hyperref\hyperref.sty"
Package: hyperref 2011/04/17 v6.82g Hypertext links for LaTeX

("C:\Program Files (x86)\MiKTeX 2.9\tex\generic\oberdiek\hobsub-hyperref.sty"
Package: hobsub-hyperref 2011/04/23 v1.4 Bundle oberdiek, subset hyperref (HO)

("C:\Program Files (x86)\MiKTeX 2.9\tex\generic\oberdiek\hobsub-generic.sty"
Package: hobsub-generic 2011/04/23 v1.4 Bundle oberdiek, subset generic (HO)
Package: hobsub 2011/04/23 v1.4 Subsetting bundle oberdiek (HO)
Package hobsub Info: Skipping package `infwarerr' (already loaded).
Package hobsub Info: Skipping package `ltxcmds' (already loaded).
Package: ifluatex 2010/03/01 v1.3 Provides the ifluatex switch (HO)
Package ifluatex Info: LuaTeX not detected.
Package: ifvtex 2010/03/01 v1.5 Switches for detecting VTeX and its modes (HO)
Package ifvtex Info: VTeX not detected.
Package: intcalc 2007/09/27 v1.1 Expandable integer calculations (HO)
Package hobsub Info: Skipping package `ifpdf' (already loaded).
Package: etexcmds 2011/02/16 v1.5 Prefix for e-TeX command names (HO)
Package etexcmds Info: Could not find \expanded.
(etexcmds)             That can mean that you are not using pdfTeX 1.50 or
(etexcmds)             that some package has redefined \expanded.
(etexcmds)             In the latter case, load this package earlier.
Package: kvsetkeys 2011/04/07 v1.13 Key value parser (HO)
Package: kvdefinekeys 2011/04/07 v1.3 Defining keys (HO)
Package: pdftexcmds 2011/04/22 v0.16 Utilities of pdfTeX for LuaTeX (HO)
Package pdftexcmds Info: LuaTeX not detected.
Package pdftexcmds Info: \pdf@primitive is available.
Package pdftexcmds Info: \pdf@ifprimitive is available.
Package pdftexcmds Info: \pdfdraftmode found.
Package: pdfescape 2011/04/04 v1.12 Provides string conversions (HO)
Package: bigintcalc 2011/01/30 v1.2 Expandable big integer calculations (HO)
Package: bitset 2011/01/30 v1.1 Data type bit set (HO)
Package: uniquecounter 2011/01/30 v1.2 Provides unlimited unique counter (HO)
)
Package hobsub Info: Skipping package `hobsub' (already loaded).
Package: letltxmacro 2010/09/02 v1.4 Let assignment for LaTeX macros (HO)
Package: hopatch 2011/01/30 v1.0 Wrapper for package hooks (HO)
Package: xcolor-patch 2011/01/30 xcolor patch
Package: atveryend 2011/04/23 v1.7 Hooks at very end of document (HO)
Package: atbegshi 2011/01/30 v1.15 At begin shipout hook (HO)
Package: refcount 2010/12/01 v3.2 Data extraction from references (HO)
Package: hycolor 2011/01/30 v1.7 Color options of hyperref/bookmark (HO)
)
("C:\Program Files (x86)\MiKTeX 2.9\tex\latex\graphics\keyval.sty"
Package: keyval 1999/03/16 v1.13 key=value parser (DPC)
\KV@toks@=\toks16
)
("C:\Program Files (x86)\MiKTeX 2.9\tex\generic\ifxetex\ifxetex.sty"
Package: ifxetex 2010/09/12 v0.6 Provides ifxetex conditional
)
("C:\Program Files (x86)\MiKTeX 2.9\tex\latex\oberdiek\kvoptions.sty"
Package: kvoptions 2010/12/23 v3.10 Keyval support for LaTeX options (HO)
)
\@linkdim=\dimen107
\Hy@linkcounter=\count93
\Hy@pagecounter=\count94

("C:\Program Files (x86)\MiKTeX 2.9\tex\latex\hyperref\pd1enc.def"
File: pd1enc.def 2011/04/17 v6.82g Hyperref: PDFDocEncoding definition (HO)
)
\Hy@SavedSpaceFactor=\count95

("C:\Program Files (x86)\MiKTeX 2.9\tex\latex\00miktex\hyperref.cfg"
File: hyperref.cfg 2002/06/06 v1.2 hyperref configuration of TeXLive
)
Package hyperref Info: Option `plainpages' set `false' on input line 3905.
Package hyperref Info: Option `pdfpagelabels' set `true' on input line 3905.
Package hyperref Info: Option `bookmarks' set `true' on input line 3905.
Package hyperref Info: Option `bookmarksopen' set `true' on input line 3905.
Package hyperref Info: Option `bookmarksnumbered' set `true' on input line 3905
.
Package hyperref Info: Option `breaklinks' set `true' on input line 3905.
Package hyperref Info: Option `linktocpage' set `true' on input line 3905.
Package hyperref Info: Option `colorlinks' set `true' on input line 3905.
Package hyperref Info: Option `hyperindex' set `true' on input line 3905.
Package hyperref Info: Option `hyperfigures' set `true' on input line 3905.
Package hyperref Info: Hyper figures ON on input line 4024.
Package hyperref Info: Link nesting OFF on input line 4031.
Package hyperref Info: Hyper index ON on input line 4034.
Package hyperref Info: Plain pages OFF on input line 4041.
Package hyperref Info: Backreferencing ON on input line 4044.
Package hyperref Info: Implicit mode ON; LaTeX internals redefined.
Package hyperref Info: Bookmarks ON on input line 4264.

("C:\Program Files (x86)\MiKTeX 2.9\tex\latex\hyperref\backref.sty"
Package: backref 2010/08/30 v1.36 Bibliographical back referencing

("C:\Program Files (x86)\MiKTeX 2.9\tex\latex\oberdiek\rerunfilecheck.sty"
Package: rerunfilecheck 2011/04/15 v1.7 Rerun checks for auxiliary files (HO)
Package uniquecounter Info: New unique counter `rerunfilecheck' on input line 2
82.
))
\c@Hy@tempcnt=\count96

("C:\Program Files (x86)\MiKTeX 2.9\tex\latex\ltxmisc\url.sty"
\Urlmuskip=\muskip10
Package: url 2006/04/12  ver 3.3  Verb mode for urls, etc.
)
LaTeX Info: Redefining \url on input line 4617.
\Fld@menulength=\count97
\Field@Width=\dimen108
\Fld@charsize=\dimen109
Package hyperref Info: Hyper figures ON on input line 5699.
Package hyperref Info: Link nesting OFF on input line 5706.
Package hyperref Info: Hyper index ON on input line 5709.
Package hyperref Info: backreferencing ON on input line 5714.
Package hyperref Info: Link coloring ON on input line 5719.
Package hyperref Info: Link coloring with OCG OFF on input line 5726.
Package hyperref Info: PDF/A mode OFF on input line 5731.
LaTeX Info: Redefining \ref on input line 5771.
LaTeX Info: Redefining \pageref on input line 5775.
\Hy@abspage=\count98
\c@Item=\count99
\c@Hfootnote=\count100
)

Package hyperref Message: Driver: hpdftex.

("C:\Program Files (x86)\MiKTeX 2.9\tex\latex\hyperref\hpdftex.def"
File: hpdftex.def 2011/04/17 v6.82g Hyperref driver for pdfTeX
\Fld@listcount=\count101
\c@bookmark@seq@number=\count102
\Hy@SectionHShift=\skip55
)
("C:\Program Files (x86)\MiKTeX 2.9\tex\latex\graphics\graphicx.sty"
Package: graphicx 1999/02/16 v1.0f Enhanced LaTeX Graphics (DPC,SPQR)

("C:\Program Files (x86)\MiKTeX 2.9\tex\latex\graphics\graphics.sty"
Package: graphics 2009/02/05 v1.0o Standard LaTeX Graphics (DPC,SPQR)

("C:\Program Files (x86)\MiKTeX 2.9\tex\latex\graphics\trig.sty"
Package: trig 1999/03/16 v1.09 sin cos tan (DPC)
)
("C:\Program Files (x86)\MiKTeX 2.9\tex\latex\00miktex\graphics.cfg"
File: graphics.cfg 2007/01/18 v1.5 graphics configuration of teTeX/TeXLive
)
Package graphics Info: Driver file: pdftex.def on input line 91.
)
\Gin@req@height=\dimen110
\Gin@req@width=\dimen111
)

Package Fancyhdr Warning: \fancyhead's `E' option without twoside option is use
less on input line 169.

) ("C:\Program Files (x86)\MiKTeX 2.9\tex\latex\enumitem\enumitem.sty"
Package: enumitem 2011/07/14 v3.3 Customized lists
\labelindent=\skip56
\enit@outerparindent=\dimen112
\enit@toks=\toks17
\enit@inbox=\box26
\enitdp@description=\count103
)
("C:\Program Files (x86)\MiKTeX 2.9\tex\latex\pgf\frontendlayer\tikz.sty"
("C:\Program Files (x86)\MiKTeX 2.9\tex\latex\pgf\basiclayer\pgf.sty"
("C:\Program Files (x86)\MiKTeX 2.9\tex\latex\pgf\utilities\pgfrcs.sty"
("C:\Program Files (x86)\MiKTeX 2.9\tex\generic\pgf\utilities\pgfutil-common.te
x"
\pgfutil@everybye=\toks18
)
("C:\Program Files (x86)\MiKTeX 2.9\tex\generic\pgf\utilities\pgfutil-latex.def
"
\pgfutil@abb=\box27
 ("C:\Program Files (x86)\MiKTeX 2.9\tex\latex\ms\everyshi.sty"
Package: everyshi 2001/05/15 v3.00 EveryShipout Package (MS)
))
("C:\Program Files (x86)\MiKTeX 2.9\tex\generic\pgf\utilities\pgfrcs.code.tex"
Package: pgfrcs 2010/10/25 v2.10 (rcs-revision 1.24)
))
Package: pgf 2008/01/15 v2.10 (rcs-revision 1.12)
 ("C:\Program Files (x86)\MiKTeX 2.9\tex\latex\pgf\basiclayer\pgfcore.sty"
("C:\Program Files (x86)\MiKTeX 2.9\tex\latex\pgf\systemlayer\pgfsys.sty"
("C:\Program Files (x86)\MiKTeX 2.9\tex\generic\pgf\systemlayer\pgfsys.code.tex
"
Package: pgfsys 2010/06/30 v2.10 (rcs-revision 1.37)
 ("C:\Program Files (x86)\MiKTeX 2.9\tex\generic\pgf\utilities\pgfkeys.code.tex
"
\pgfkeys@pathtoks=\toks19
\pgfkeys@temptoks=\toks20

("C:\Program Files (x86)\MiKTeX 2.9\tex\generic\pgf\utilities\pgfkeysfiltered.c
ode.tex"
\pgfkeys@tmptoks=\toks21
))
\pgf@x=\dimen113
\pgf@y=\dimen114
\pgf@xa=\dimen115
\pgf@ya=\dimen116
\pgf@xb=\dimen117
\pgf@yb=\dimen118
\pgf@xc=\dimen119
\pgf@yc=\dimen120
\w@pgf@writea=\write4
\r@pgf@reada=\read1
\c@pgf@counta=\count104
\c@pgf@countb=\count105
\c@pgf@countc=\count106
\c@pgf@countd=\count107

("C:\Program Files (x86)\MiKTeX 2.9\tex\generic\pgf\systemlayer\pgf.cfg"
File: pgf.cfg 2008/05/14  (rcs-revision 1.7)
)
Package pgfsys Info: Driver file for pgf: pgfsys-pdftex.def on input line 900.

("C:\Program Files (x86)\MiKTeX 2.9\tex\generic\pgf\systemlayer\pgfsys-pdftex.d
ef"
File: pgfsys-pdftex.def 2009/05/22  (rcs-revision 1.26)

("C:\Program Files (x86)\MiKTeX 2.9\tex\generic\pgf\systemlayer\pgfsys-common-p
df.def"
File: pgfsys-common-pdf.def 2008/05/19  (rcs-revision 1.10)
)))
("C:\Program Files (x86)\MiKTeX 2.9\tex\generic\pgf\systemlayer\pgfsyssoftpath.
code.tex"
File: pgfsyssoftpath.code.tex 2008/07/18  (rcs-revision 1.7)
\pgfsyssoftpath@smallbuffer@items=\count108
\pgfsyssoftpath@bigbuffer@items=\count109
)
("C:\Program Files (x86)\MiKTeX 2.9\tex\generic\pgf\systemlayer\pgfsysprotocol.
code.tex"
File: pgfsysprotocol.code.tex 2006/10/16  (rcs-revision 1.4)
)) ("C:\Program Files (x86)\MiKTeX 2.9\tex\latex\xcolor\xcolor.sty"
Package: xcolor 2007/01/21 v2.11 LaTeX color extensions (UK)

("C:\Program Files (x86)\MiKTeX 2.9\tex\latex\00miktex\color.cfg"
File: color.cfg 2007/01/18 v1.5 color configuration of teTeX/TeXLive
)
Package xcolor Info: Driver file: pdftex.def on input line 225.
LaTeX Info: Redefining \color on input line 702.
Package xcolor Info: Model `cmy' substituted by `cmy0' on input line 1337.
Package xcolor Info: Model `hsb' substituted by `rgb' on input line 1341.
Package xcolor Info: Model `RGB' extended on input line 1353.
Package xcolor Info: Model `HTML' substituted by `rgb' on input line 1355.
Package xcolor Info: Model `Hsb' substituted by `hsb' on input line 1356.
Package xcolor Info: Model `tHsb' substituted by `hsb' on input line 1357.
Package xcolor Info: Model `HSB' substituted by `hsb' on input line 1358.
Package xcolor Info: Model `Gray' substituted by `gray' on input line 1359.
Package xcolor Info: Model `wave' substituted by `hsb' on input line 1360.
)
("C:\Program Files (x86)\MiKTeX 2.9\tex\generic\pgf\basiclayer\pgfcore.code.tex
"
Package: pgfcore 2010/04/11 v2.10 (rcs-revision 1.7)
 ("C:\Program Files (x86)\MiKTeX 2.9\tex\generic\pgf\math\pgfmath.code.tex"
("C:\Program Files (x86)\MiKTeX 2.9\tex\generic\pgf\math\pgfmathcalc.code.tex"
("C:\Program Files (x86)\MiKTeX 2.9\tex\generic\pgf\math\pgfmathutil.code.tex")
("C:\Program Files (x86)\MiKTeX 2.9\tex\generic\pgf\math\pgfmathparser.code.tex
"
\pgfmath@dimen=\dimen121
\pgfmath@count=\count110
\pgfmath@box=\box28
\pgfmath@toks=\toks22
\pgfmath@stack@operand=\toks23
\pgfmath@stack@operation=\toks24
)
("C:\Program Files (x86)\MiKTeX 2.9\tex\generic\pgf\math\pgfmathfunctions.code.
tex"
("C:\Program Files (x86)\MiKTeX 2.9\tex\generic\pgf\math\pgfmathfunctions.basic
.code.tex")
("C:\Program Files (x86)\MiKTeX 2.9\tex\generic\pgf\math\pgfmathfunctions.trigo
nometric.code.tex")
("C:\Program Files (x86)\MiKTeX 2.9\tex\generic\pgf\math\pgfmathfunctions.rando
m.code.tex")
("C:\Program Files (x86)\MiKTeX 2.9\tex\generic\pgf\math\pgfmathfunctions.compa
rison.code.tex")
("C:\Program Files (x86)\MiKTeX 2.9\tex\generic\pgf\math\pgfmathfunctions.base.
code.tex")
("C:\Program Files (x86)\MiKTeX 2.9\tex\generic\pgf\math\pgfmathfunctions.round
.code.tex")
("C:\Program Files (x86)\MiKTeX 2.9\tex\generic\pgf\math\pgfmathfunctions.misc.
code.tex")))
("C:\Program Files (x86)\MiKTeX 2.9\tex\generic\pgf\math\pgfmathfloat.code.tex"
\c@pgfmathroundto@lastzeros=\count111
))
("C:\Program Files (x86)\MiKTeX 2.9\tex\generic\pgf\basiclayer\pgfcorepoints.co
de.tex"
File: pgfcorepoints.code.tex 2010/04/09  (rcs-revision 1.20)
\pgf@picminx=\dimen122
\pgf@picmaxx=\dimen123
\pgf@picminy=\dimen124
\pgf@picmaxy=\dimen125
\pgf@pathminx=\dimen126
\pgf@pathmaxx=\dimen127
\pgf@pathminy=\dimen128
\pgf@pathmaxy=\dimen129
\pgf@xx=\dimen130
\pgf@xy=\dimen131
\pgf@yx=\dimen132
\pgf@yy=\dimen133
\pgf@zx=\dimen134
\pgf@zy=\dimen135
)
("C:\Program Files (x86)\MiKTeX 2.9\tex\generic\pgf\basiclayer\pgfcorepathconst
ruct.code.tex"
File: pgfcorepathconstruct.code.tex 2010/08/03  (rcs-revision 1.24)
\pgf@path@lastx=\dimen136
\pgf@path@lasty=\dimen137
)
("C:\Program Files (x86)\MiKTeX 2.9\tex\generic\pgf\basiclayer\pgfcorepathusage
.code.tex"
File: pgfcorepathusage.code.tex 2008/04/22  (rcs-revision 1.12)
\pgf@shorten@end@additional=\dimen138
\pgf@shorten@start@additional=\dimen139
)
("C:\Program Files (x86)\MiKTeX 2.9\tex\generic\pgf\basiclayer\pgfcorescopes.co
de.tex"
File: pgfcorescopes.code.tex 2010/09/08  (rcs-revision 1.34)
\pgfpic=\box29
\pgf@hbox=\box30
\pgf@layerbox@main=\box31
\pgf@picture@serial@count=\count112
)
("C:\Program Files (x86)\MiKTeX 2.9\tex\generic\pgf\basiclayer\pgfcoregraphicst
ate.code.tex"
File: pgfcoregraphicstate.code.tex 2008/04/22  (rcs-revision 1.9)
\pgflinewidth=\dimen140
)
("C:\Program Files (x86)\MiKTeX 2.9\tex\generic\pgf\basiclayer\pgfcoretransform
ations.code.tex"
File: pgfcoretransformations.code.tex 2009/06/10  (rcs-revision 1.11)
\pgf@pt@x=\dimen141
\pgf@pt@y=\dimen142
\pgf@pt@temp=\dimen143
)
("C:\Program Files (x86)\MiKTeX 2.9\tex\generic\pgf\basiclayer\pgfcorequick.cod
e.tex"
File: pgfcorequick.code.tex 2008/10/09  (rcs-revision 1.3)
)
("C:\Program Files (x86)\MiKTeX 2.9\tex\generic\pgf\basiclayer\pgfcoreobjects.c
ode.tex"
File: pgfcoreobjects.code.tex 2006/10/11  (rcs-revision 1.2)
)
("C:\Program Files (x86)\MiKTeX 2.9\tex\generic\pgf\basiclayer\pgfcorepathproce
ssing.code.tex"
File: pgfcorepathprocessing.code.tex 2008/10/09  (rcs-revision 1.8)
)
("C:\Program Files (x86)\MiKTeX 2.9\tex\generic\pgf\basiclayer\pgfcorearrows.co
de.tex"
File: pgfcorearrows.code.tex 2008/04/23  (rcs-revision 1.11)
)
("C:\Program Files (x86)\MiKTeX 2.9\tex\generic\pgf\basiclayer\pgfcoreshade.cod
e.tex"
File: pgfcoreshade.code.tex 2008/11/23  (rcs-revision 1.13)
\pgf@max=\dimen144
\pgf@sys@shading@range@num=\count113
)
("C:\Program Files (x86)\MiKTeX 2.9\tex\generic\pgf\basiclayer\pgfcoreimage.cod
e.tex"
File: pgfcoreimage.code.tex 2010/03/25  (rcs-revision 1.16)

("C:\Program Files (x86)\MiKTeX 2.9\tex\generic\pgf\basiclayer\pgfcoreexternal.
code.tex"
File: pgfcoreexternal.code.tex 2010/09/01  (rcs-revision 1.17)
\pgfexternal@startupbox=\box32
))
("C:\Program Files (x86)\MiKTeX 2.9\tex\generic\pgf\basiclayer\pgfcorelayers.co
de.tex"
File: pgfcorelayers.code.tex 2010/08/27  (rcs-revision 1.2)
)
("C:\Program Files (x86)\MiKTeX 2.9\tex\generic\pgf\basiclayer\pgfcoretranspare
ncy.code.tex"
File: pgfcoretransparency.code.tex 2008/01/17  (rcs-revision 1.2)
)
("C:\Program Files (x86)\MiKTeX 2.9\tex\generic\pgf\basiclayer\pgfcorepatterns.
code.tex"
File: pgfcorepatterns.code.tex 2009/07/02  (rcs-revision 1.3)
)))
("C:\Program Files (x86)\MiKTeX 2.9\tex\generic\pgf\modules\pgfmoduleshapes.cod
e.tex"
File: pgfmoduleshapes.code.tex 2010/09/09  (rcs-revision 1.13)
\pgfnodeparttextbox=\box33
)
("C:\Program Files (x86)\MiKTeX 2.9\tex\generic\pgf\modules\pgfmoduleplot.code.
tex"
File: pgfmoduleplot.code.tex 2010/10/22  (rcs-revision 1.8)
)
("C:\Program Files (x86)\MiKTeX 2.9\tex\latex\pgf\compatibility\pgfcomp-version
-0-65.sty"
Package: pgfcomp-version-0-65 2007/07/03 v2.10 (rcs-revision 1.7)
\pgf@nodesepstart=\dimen145
\pgf@nodesepend=\dimen146
)
("C:\Program Files (x86)\MiKTeX 2.9\tex\latex\pgf\compatibility\pgfcomp-version
-1-18.sty"
Package: pgfcomp-version-1-18 2007/07/23 v2.10 (rcs-revision 1.1)
))
("C:\Program Files (x86)\MiKTeX 2.9\tex\latex\pgf\utilities\pgffor.sty"
("C:\Program Files (x86)\MiKTeX 2.9\tex\latex\pgf\utilities\pgfkeys.sty"
("C:\Program Files (x86)\MiKTeX 2.9\tex\generic\pgf\utilities\pgfkeys.code.tex"
)) ("C:\Program Files (x86)\MiKTeX 2.9\tex\generic\pgf\utilities\pgffor.code.te
x"
Package: pgffor 2010/03/23 v2.10 (rcs-revision 1.18)
\pgffor@iter=\dimen147
\pgffor@skip=\dimen148
\pgffor@stack=\toks25
\pgffor@toks=\toks26
))
("C:\Program Files (x86)\MiKTeX 2.9\tex\generic\pgf\frontendlayer\tikz\tikz.cod
e.tex"
Package: tikz 2010/10/13 v2.10 (rcs-revision 1.76)

("C:\Program Files (x86)\MiKTeX 2.9\tex\generic\pgf\libraries\pgflibraryplothan
dlers.code.tex"
File: pgflibraryplothandlers.code.tex 2010/05/31 v2.10 (rcs-revision 1.15)
\pgf@plot@mark@count=\count114
\pgfplotmarksize=\dimen149
)
\tikz@lastx=\dimen150
\tikz@lasty=\dimen151
\tikz@lastxsaved=\dimen152
\tikz@lastysaved=\dimen153
\tikzleveldistance=\dimen154
\tikzsiblingdistance=\dimen155
\tikz@figbox=\box34
\tikz@tempbox=\box35
\tikztreelevel=\count115
\tikznumberofchildren=\count116
\tikznumberofcurrentchild=\count117
\tikz@fig@count=\count118

("C:\Program Files (x86)\MiKTeX 2.9\tex\generic\pgf\modules\pgfmodulematrix.cod
e.tex"
File: pgfmodulematrix.code.tex 2010/08/24  (rcs-revision 1.4)
\pgfmatrixcurrentrow=\count119
\pgfmatrixcurrentcolumn=\count120
\pgf@matrix@numberofcolumns=\count121
)
\tikz@expandcount=\count122

("C:\Program Files (x86)\MiKTeX 2.9\tex\generic\pgf\frontendlayer\tikz\librarie
s\tikzlibrarytopaths.code.tex"
File: tikzlibrarytopaths.code.tex 2008/06/17 v2.10 (rcs-revision 1.2)
)))
("C:\Program Files (x86)\MiKTeX 2.9\tex\latex\oberdiek\epstopdf.sty"
Package: epstopdf 2010/02/09 v2.5 Conversion with epstopdf on the fly (HO)

("C:\Program Files (x86)\MiKTeX 2.9\tex\latex\oberdiek\epstopdf-base.sty"
Package: epstopdf-base 2010/02/09 v2.5 Base part for package epstopdf

("C:\Program Files (x86)\MiKTeX 2.9\tex\latex\oberdiek\grfext.sty"
Package: grfext 2010/08/19 v1.1 Managing graphics extensions (HO)
)
Package grfext Info: Graphics extension search list:
(grfext)             [.png,.jpg,.pdf,.eps]
(grfext)             \AppendGraphicsExtensions on input line 452.
))
\c@row=\count123
\c@col=\count124
\@glossaryfile=\write5

Writing glossary file thesis.glo 
("C:\Program Files (x86)\MiKTeX 2.9\tex\latex\float\float.sty"
Package: float 2001/11/08 v1.3d Float enhancements (AL)
\c@float@type=\count125
\float@exts=\toks27
\float@box=\box36
\@float@everytoks=\toks28
\@floatcapt=\box37
)
("C:\Program Files (x86)\MiKTeX 2.9\tex\latex\algorithms\algorithm.sty"
Package: algorithm 2009/08/24 v0.1 Document Style `algorithm' - floating enviro
nment
\@float@every@algorithm=\toks29
\c@algorithm=\count126
)
("C:\Program Files (x86)\MiKTeX 2.9\tex\latex\algorithmicx\algpseudocode.sty"
Package: algpseudocode 

("C:\Program Files (x86)\MiKTeX 2.9\tex\latex\algorithmicx\algorithmicx.sty"
Package: algorithmicx 2005/04/27 v1.2 Algorithmicx

Document Style algorithmicx 1.2 - a greatly improved `algorithmic' style
\c@ALG@line=\count127
\c@ALG@rem=\count128
\c@ALG@nested=\count129
\ALG@tlm=\skip57
\ALG@thistlm=\skip58
\c@ALG@Lnr=\count130
\c@ALG@blocknr=\count131
\c@ALG@storecount=\count132
\c@ALG@tmpcounter=\count133
\ALG@tmplength=\skip59
)
Document Style - pseudocode environments for use with the `algorithmicx' style
) ("C:\Program Files (x86)\MiKTeX 2.9\tex\latex\subfig\subfig.sty"
Package: subfig 2005/06/28 ver: 1.3 subfig package

("C:\Program Files (x86)\MiKTeX 2.9\tex\latex\caption\caption.sty"
Package: caption 2010/01/09 v3.1m Customizing captions (AR)

("C:\Program Files (x86)\MiKTeX 2.9\tex\latex\caption\caption3.sty"
Package: caption3 2010/01/14 v3.1m caption3 kernel (AR)
\captionmargin=\dimen156
\captionmargin@=\dimen157
\captionwidth=\dimen158
\caption@indent=\dimen159
\caption@parindent=\dimen160
\caption@hangindent=\dimen161
)
\c@ContinuedFloat=\count134
Package caption Info: float package is loaded.
Package caption Info: hyperref package is loaded.
)
\c@KVtest=\count135
\sf@farskip=\skip60
\sf@captopadj=\dimen162
\sf@capskip=\skip61
\sf@nearskip=\skip62
\c@subfigure=\count136
\c@subfigure@save=\count137
\c@lofdepth=\count138
\c@subtable=\count139
\c@subtable@save=\count140
\c@lotdepth=\count141
\sf@top=\skip63
\sf@bottom=\skip64
)
("C:\Program Files (x86)\MiKTeX 2.9\tex\latex\csquotes\csquotes.sty"
Package: csquotes 2011/03/25 v5.1c context-sensitive quotations

("C:\Program Files (x86)\MiKTeX 2.9\tex\latex\etoolbox\etoolbox.sty"
Package: etoolbox 2011/01/03 v2.1 e-TeX tools for LaTeX

("C:\Program Files (x86)\MiKTeX 2.9\tex\latex\misc\etex.sty"
Package: etex 1998/03/26 v2.0 eTeX basic definition package (PEB)
\et@xins=\count142
)
\etb@tempcnta=\count143
)
\csq@reset=\count144
\csq@gtype=\count145
\csq@glevel=\count146
\csq@qlevel=\count147
\csq@maxlvl=\count148
\csq@tshold=\count149
\csq@ltx@everypar=\toks30

("C:\Program Files (x86)\MiKTeX 2.9\tex\latex\csquotes\csquotes.def"
File: csquotes.def 2011/03/25 v5.1c csquotes generic definitions
)
Package csquotes Info: Trying to load configuration file 'csquotes.cfg'...
Package csquotes Info: ... configuration file loaded successfully.

("C:\Program Files (x86)\MiKTeX 2.9\tex\latex\csquotes\csquotes.cfg"
File: csquotes.cfg 
))
Package csquotes Info: Allocating character ".

("C:\Program Files (x86)\MiKTeX 2.9\tex\latex\ams\math\amsmath.sty"
Package: amsmath 2000/07/18 v2.13 AMS math features
\@mathmargin=\skip65

For additional information on amsmath, use the `?' option.
("C:\Program Files (x86)\MiKTeX 2.9\tex\latex\ams\math\amstext.sty"
Package: amstext 2000/06/29 v2.01

("C:\Program Files (x86)\MiKTeX 2.9\tex\latex\ams\math\amsgen.sty"
File: amsgen.sty 1999/11/30 v2.0
\@emptytoks=\toks31
\ex@=\dimen163
))
("C:\Program Files (x86)\MiKTeX 2.9\tex\latex\ams\math\amsbsy.sty"
Package: amsbsy 1999/11/29 v1.2d
\pmbraise@=\dimen164
)
("C:\Program Files (x86)\MiKTeX 2.9\tex\latex\ams\math\amsopn.sty"
Package: amsopn 1999/12/14 v2.01 operator names
)
\inf@bad=\count150
LaTeX Info: Redefining \frac on input line 211.
\uproot@=\count151
\leftroot@=\count152
LaTeX Info: Redefining \overline on input line 307.
\classnum@=\count153
\DOTSCASE@=\count154
LaTeX Info: Redefining \ldots on input line 379.
LaTeX Info: Redefining \dots on input line 382.
LaTeX Info: Redefining \cdots on input line 467.
\Mathstrutbox@=\box38
\strutbox@=\box39
\big@size=\dimen165
LaTeX Font Info:    Redeclaring font encoding OML on input line 567.
LaTeX Font Info:    Redeclaring font encoding OMS on input line 568.
\macc@depth=\count155
\c@MaxMatrixCols=\count156
\dotsspace@=\muskip11
\c@parentequation=\count157
\dspbrk@lvl=\count158
\tag@help=\toks32
\row@=\count159
\column@=\count160
\maxfields@=\count161
\andhelp@=\toks33
\eqnshift@=\dimen166
\alignsep@=\dimen167
\tagshift@=\dimen168
\tagwidth@=\dimen169
\totwidth@=\dimen170
\lineht@=\dimen171
\@envbody=\toks34
\multlinegap=\skip66
\multlinetaggap=\skip67
\mathdisplay@stack=\toks35
LaTeX Info: Redefining \[ on input line 2666.
LaTeX Info: Redefining \] on input line 2667.
)
("C:\Program Files (x86)\MiKTeX 2.9\tex\generic\pgf\frontendlayer\tikz\librarie
s\tikzlibraryshapes.code.tex"
File: tikzlibraryshapes.code.tex 2008/01/09 v2.10 (rcs-revision 1.1)

("C:\Program Files (x86)\MiKTeX 2.9\tex\generic\pgf\frontendlayer\tikz\librarie
s\tikzlibraryshapes.geometric.code.tex"
File: tikzlibraryshapes.geometric.code.tex 2008/01/09 v2.10 (rcs-revision 1.1)

("C:\Program Files (x86)\MiKTeX 2.9\tex\generic\pgf\libraries\shapes\pgflibrary
shapes.geometric.code.tex"
File: pgflibraryshapes.geometric.code.tex 2008/06/26 v2.10 (rcs-revision 1.1)
))
("C:\Program Files (x86)\MiKTeX 2.9\tex\generic\pgf\frontendlayer\tikz\librarie
s\tikzlibraryshapes.misc.code.tex"
File: tikzlibraryshapes.misc.code.tex 2008/01/09 v2.10 (rcs-revision 1.1)

("C:\Program Files (x86)\MiKTeX 2.9\tex\generic\pgf\libraries\shapes\pgflibrary
shapes.misc.code.tex"
File: pgflibraryshapes.misc.code.tex 2008/10/07 v2.10 (rcs-revision 1.3)
))
("C:\Program Files (x86)\MiKTeX 2.9\tex\generic\pgf\frontendlayer\tikz\librarie
s\tikzlibraryshapes.symbols.code.tex"
File: tikzlibraryshapes.symbols.code.tex 2008/01/09 v2.10 (rcs-revision 1.1)

("C:\Program Files (x86)\MiKTeX 2.9\tex\generic\pgf\libraries\shapes\pgflibrary
shapes.symbols.code.tex"
File: pgflibraryshapes.symbols.code.tex 2009/10/27 v2.10 (rcs-revision 1.3)
))
("C:\Program Files (x86)\MiKTeX 2.9\tex\generic\pgf\frontendlayer\tikz\librarie
s\tikzlibraryshapes.arrows.code.tex"
File: tikzlibraryshapes.arrows.code.tex 2008/01/09 v2.10 (rcs-revision 1.1)

("C:\Program Files (x86)\MiKTeX 2.9\tex\generic\pgf\libraries\shapes\pgflibrary
shapes.arrows.code.tex"
File: pgflibraryshapes.arrows.code.tex 2008/06/26 v2.10 (rcs-revision 1.1)
))
("C:\Program Files (x86)\MiKTeX 2.9\tex\generic\pgf\frontendlayer\tikz\librarie
s\tikzlibraryshapes.callouts.code.tex"
("C:\Program Files (x86)\MiKTeX 2.9\tex\generic\pgf\libraries\shapes\pgflibrary
shapes.callouts.code.tex"))
("C:\Program Files (x86)\MiKTeX 2.9\tex\generic\pgf\frontendlayer\tikz\librarie
s\tikzlibraryshapes.multipart.code.tex"
File: tikzlibraryshapes.multipart.code.tex 2008/01/09 v2.10 (rcs-revision 1.1)

("C:\Program Files (x86)\MiKTeX 2.9\tex\generic\pgf\libraries\shapes\pgflibrary
shapes.multipart.code.tex"
File: pgflibraryshapes.multipart.code.tex 2010/01/07 v2.10 (rcs-revision 1.2)
\pgfnodepartlowerbox=\box40
\pgfnodeparttwobox=\box41
\pgfnodepartthreebox=\box42
\pgfnodepartfourbox=\box43
\pgfnodeparttwentybox=\box44
\pgfnodepartnineteenbox=\box45
\pgfnodeparteighteenbox=\box46
\pgfnodepartseventeenbox=\box47
\pgfnodepartsixteenbox=\box48
\pgfnodepartfifteenbox=\box49
\pgfnodepartfourteenbox=\box50
\pgfnodepartthirteenbox=\box51
\pgfnodeparttwelvebox=\box52
\pgfnodepartelevenbox=\box53
\pgfnodeparttenbox=\box54
\pgfnodepartninebox=\box55
\pgfnodeparteightbox=\box56
\pgfnodepartsevenbox=\box57
\pgfnodepartsixbox=\box58
\pgfnodepartfivebox=\box59
)))
("C:\Program Files (x86)\MiKTeX 2.9\tex\generic\pgf\frontendlayer\tikz\librarie
s\tikzlibraryshadows.code.tex"
File: tikzlibraryshadows.code.tex 2008/01/13 v2.10 (rcs-revision 1.3)

("C:\Program Files (x86)\MiKTeX 2.9\tex\generic\pgf\frontendlayer\tikz\librarie
s\tikzlibraryfadings.code.tex"
File: tikzlibraryfadings.code.tex 2009/11/15 v2.10 (rcs-revision 1.2)

("C:\Program Files (x86)\MiKTeX 2.9\tex\generic\pgf\libraries\pgflibraryfadings
.code.tex"
File: pgflibraryfadings.code.tex 2008/02/07 v2.10 (rcs-revision 1.3)
)))
("C:\Program Files (x86)\MiKTeX 2.9\tex\generic\pgf\frontendlayer\tikz\librarie
s\tikzlibraryarrows.code.tex"
File: tikzlibraryarrows.code.tex 2008/01/09 v2.10 (rcs-revision 1.1)

("C:\Program Files (x86)\MiKTeX 2.9\tex\generic\pgf\libraries\pgflibraryarrows.
code.tex"
File: pgflibraryarrows.code.tex 2008/10/27 v2.10 (rcs-revision 1.9)
\arrowsize=\dimen172
))
("C:\Program Files (x86)\MiKTeX 2.9\tex\generic\pgf\frontendlayer\tikz\librarie
s\tikzlibrarypositioning.code.tex"
File: tikzlibrarypositioning.code.tex 2008/10/06 v2.10 (rcs-revision 1.7)
)
("C:\Program Files (x86)\MiKTeX 2.9\tex\generic\pgf\frontendlayer\tikz\librarie
s\graphs\tikzlibrarygraphs.code.tex"
File: tikzlibrarygraphs.code.tex 2010/10/23 v2.10 (rcs-revision 1.1)
)
("C:\Program Files (x86)\MiKTeX 2.9\tex\generic\pgf\frontendlayer\tikz\librarie
s\tikzlibrarydecorations.markings.code.tex"
("C:\Program Files (x86)\MiKTeX 2.9\tex\generic\pgf\frontendlayer\tikz\librarie
s\tikzlibrarydecorations.code.tex"
("C:\Program Files (x86)\MiKTeX 2.9\tex\generic\pgf\modules\pgfmoduledecoration
s.code.tex"
\pgfdecoratedcompleteddistance=\dimen173
\pgfdecoratedremainingdistance=\dimen174
\pgfdecoratedinputsegmentcompleteddistance=\dimen175
\pgfdecoratedinputsegmentremainingdistance=\dimen176
\pgf@decorate@distancetomove=\dimen177
\pgf@decorate@repeatstate=\count162
\pgfdecorationsegmentamplitude=\dimen178
\pgfdecorationsegmentlength=\dimen179
)
\tikz@lib@dec@box=\box60
)
("C:\Program Files (x86)\MiKTeX 2.9\tex\generic\pgf\libraries\decorations\pgfli
brarydecorations.markings.code.tex"))
(C:\temp\gitsg\al_proj\Report\tikzlibrarybayesnet.code.tex
("C:\Program Files (x86)\MiKTeX 2.9\tex\generic\pgf\frontendlayer\tikz\librarie
s\tikzlibraryfit.code.tex"
File: tikzlibraryfit.code.tex 2008/06/21 v2.10 (rcs-revision 1.3)
)
("C:\Program Files (x86)\MiKTeX 2.9\tex\generic\pgf\frontendlayer\tikz\librarie
s\tikzlibrarychains.code.tex"
File: tikzlibrarychains.code.tex 2008/02/27 v2.10 (rcs-revision 1.5)
))
("C:\Program Files (x86)\MiKTeX 2.9\tex\latex\pgfplots\pgfplots.sty"
("C:\Program Files (x86)\MiKTeX 2.9\tex\generic\pgfplots\pgfplots.revision.tex"
)
Package: pgfplots 2010/07/14 Version 1.4.1 (git show 1.4.1-1-g64c9e95 )
 ("C:\Program Files (x86)\MiKTeX 2.9\tex\generic\pgfplots\pgfplots.code.tex"
("C:\Program Files (x86)\MiKTeX 2.9\tex\generic\pgfplots\pgfplotscore.code.tex"
\t@pgfplots@toka=\toks36
\t@pgfplots@tokb=\toks37
\t@pgfplots@tokc=\toks38
\pgfplots@tmpa=\dimen180
\c@pgfplots@coordindex=\count163
\c@pgfplots@scanlineindex=\count164
)
("C:\Program Files (x86)\MiKTeX 2.9\tex\generic\pgfplots\libs\pgfplotslibrary.c
ode.tex")
("C:\Program Files (x86)\MiKTeX 2.9\tex\generic\pgfplots\oldpgfcompatib\pgfplot
soldpgfsupp_loader.code.tex"
("C:\Program Files (x86)\MiKTeX 2.9\tex\generic\pgf\libraries\pgflibraryfpu.cod
e.tex"))
("C:\Program Files (x86)\MiKTeX 2.9\tex\generic\pgfplots\util\pgfplotsutil.code
.tex"
("C:\Program Files (x86)\MiKTeX 2.9\tex\generic\pgfplots\liststructure\pgfplots
liststructure.code.tex")
("C:\Program Files (x86)\MiKTeX 2.9\tex\generic\pgfplots\liststructure\pgfplots
liststructureext.code.tex")
("C:\Program Files (x86)\MiKTeX 2.9\tex\generic\pgfplots\liststructure\pgfplots
array.code.tex"
\c@pgfplotsarray@tmp=\count165
)
("C:\Program Files (x86)\MiKTeX 2.9\tex\generic\pgfplots\numtable\pgfplotstable
shared.code.tex"
\c@pgfplotstable@counta=\count166
\t@pgfplotstable@a=\toks39
\pgfplotstable@outfile=\write6
)
("C:\Program Files (x86)\MiKTeX 2.9\tex\generic\pgfplots\liststructure\pgfplots
deque.code.tex")
("C:\Program Files (x86)\MiKTeX 2.9\tex\generic\pgfplots\util\pgfplotsbinary.co
de.tex")
("C:\Program Files (x86)\MiKTeX 2.9\tex\generic\pgfplots\libs\pgflibrarypgfplot
s.surfshading.code.tex"
("C:\Program Files (x86)\MiKTeX 2.9\tex\generic\pgfplots\sys\pgflibrarypgfplots
.surfshading.pgfsys-pdftex.def")))
("C:\Program Files (x86)\MiKTeX 2.9\tex\generic\pgfplots\util\pgfplotscolormap.
code.tex")
("C:\Program Files (x86)\MiKTeX 2.9\tex\generic\pgfplots\pgfplotsstackedplots.c
ode.tex")
("C:\Program Files (x86)\MiKTeX 2.9\tex\generic\pgfplots\pgfplotscoordprocessin
g.code.tex")
("C:\Program Files (x86)\MiKTeX 2.9\tex\generic\pgfplots\pgfplotsticks.code.tex
")
("C:\Program Files (x86)\MiKTeX 2.9\tex\generic\pgf\frontendlayer\tikz\librarie
s\tikzlibrarydecorations.pathmorphing.code.tex"
("C:\Program Files (x86)\MiKTeX 2.9\tex\generic\pgf\libraries\decorations\pgfli
brarydecorations.pathmorphing.code.tex"))
("C:\Program Files (x86)\MiKTeX 2.9\tex\generic\pgf\frontendlayer\tikz\librarie
s\tikzlibrarydecorations.pathreplacing.code.tex"
("C:\Program Files (x86)\MiKTeX 2.9\tex\generic\pgf\libraries\decorations\pgfli
brarydecorations.pathreplacing.code.tex"))
\pgfplots@numplots=\count167
\pgfplots@xmin@reg=\dimen181
\pgfplots@xmax@reg=\dimen182
\pgfplots@ymin@reg=\dimen183
\pgfplots@ymax@reg=\dimen184
\pgfplots@zmin@reg=\dimen185
\pgfplots@zmax@reg=\dimen186
)
("C:\Program Files (x86)\MiKTeX 2.9\tex\generic\pgf\frontendlayer\tikz\librarie
s\tikzlibraryplotmarks.code.tex"
File: tikzlibraryplotmarks.code.tex 2008/01/09 v2.10 (rcs-revision 1.1)

("C:\Program Files (x86)\MiKTeX 2.9\tex\generic\pgf\libraries\pgflibraryplotmar
ks.code.tex"
File: pgflibraryplotmarks.code.tex 2010/10/15 v2.10 (rcs-revision 1.12)
)))
("C:\Program Files (x86)\MiKTeX 2.9\tex\latex\pgf\frontendlayer\libraries\tikzl
ibraryexternal.code.tex"
("C:\Program Files (x86)\MiKTeX 2.9\tex\generic\pgf\frontendlayer\tikz\librarie
s\tikzexternalshared.code.tex"
\tikzexternal@outfile=\write7
)) (C:\temp\gitsg\al_proj\Report\mcode.sty
-- Package: `mcode' 2.5 <2014/03/06> --
Package: mcode 2014/03/06 2.5
 - settings optimized for display (colour formating)
 - line numbering enabled
 - literate programming (character replacements) enabled
 - automatic line breaking enabled (careful, buggy!)
 - framed listings
("C:\Program Files (x86)\MiKTeX 2.9\tex\latex\listings\listings.sty"
\lst@mode=\count168
\lst@gtempboxa=\box61
\lst@token=\toks40
\lst@length=\count169
\lst@currlwidth=\dimen187
\lst@column=\count170
\lst@pos=\count171
\lst@lostspace=\dimen188
\lst@width=\dimen189
\lst@newlines=\count172
\lst@lineno=\count173
\lst@maxwidth=\dimen190

("C:\Program Files (x86)\MiKTeX 2.9\tex\latex\listings\lstmisc.sty"
File: lstmisc.sty 2007/02/22 1.4 (Carsten Heinz)
\c@lstnumber=\count174
\lst@skipnumbers=\count175
\lst@framebox=\box62
)
("C:\Program Files (x86)\MiKTeX 2.9\tex\latex\listings\listings.cfg"
File: listings.cfg 2007/02/22 1.4 listings configuration
))
Package: listings 2007/02/22 1.4 (Carsten Heinz)

("C:\Program Files (x86)\MiKTeX 2.9\tex\latex\base\textcomp.sty"
Package: textcomp 2005/09/27 v1.99g Standard LaTeX package
Package textcomp Info: Sub-encoding information:
(textcomp)               5 = only ISO-Adobe without \textcurrency
(textcomp)               4 = 5 + \texteuro
(textcomp)               3 = 4 + \textohm
(textcomp)               2 = 3 + \textestimated + \textcurrency
(textcomp)               1 = TS1 - \textcircled - \t
(textcomp)               0 = TS1 (full)
(textcomp)             Font families with sub-encoding setting implement
(textcomp)             only a restricted character set as indicated.
(textcomp)             Family '?' is the default used for unknown fonts.
(textcomp)             See the documentation for details.
Package textcomp Info: Setting ? sub-encoding to TS1/1 on input line 71.

("C:\Program Files (x86)\MiKTeX 2.9\tex\latex\base\ts1enc.def"
File: ts1enc.def 2001/06/05 v3.0e (jk/car/fm) Standard LaTeX file
)
LaTeX Info: Redefining \oldstylenums on input line 266.
Package textcomp Info: Setting cmr sub-encoding to TS1/0 on input line 281.
Package textcomp Info: Setting cmss sub-encoding to TS1/0 on input line 282.
Package textcomp Info: Setting cmtt sub-encoding to TS1/0 on input line 283.
Package textcomp Info: Setting cmvtt sub-encoding to TS1/0 on input line 284.
Package textcomp Info: Setting cmbr sub-encoding to TS1/0 on input line 285.
Package textcomp Info: Setting cmtl sub-encoding to TS1/0 on input line 286.
Package textcomp Info: Setting ccr sub-encoding to TS1/0 on input line 287.
Package textcomp Info: Setting ptm sub-encoding to TS1/4 on input line 288.
Package textcomp Info: Setting pcr sub-encoding to TS1/4 on input line 289.
Package textcomp Info: Setting phv sub-encoding to TS1/4 on input line 290.
Package textcomp Info: Setting ppl sub-encoding to TS1/3 on input line 291.
Package textcomp Info: Setting pag sub-encoding to TS1/4 on input line 292.
Package textcomp Info: Setting pbk sub-encoding to TS1/4 on input line 293.
Package textcomp Info: Setting pnc sub-encoding to TS1/4 on input line 294.
Package textcomp Info: Setting pzc sub-encoding to TS1/4 on input line 295.
Package textcomp Info: Setting bch sub-encoding to TS1/4 on input line 296.
Package textcomp Info: Setting put sub-encoding to TS1/5 on input line 297.
Package textcomp Info: Setting uag sub-encoding to TS1/5 on input line 298.
Package textcomp Info: Setting ugq sub-encoding to TS1/5 on input line 299.
Package textcomp Info: Setting ul8 sub-encoding to TS1/4 on input line 300.
Package textcomp Info: Setting ul9 sub-encoding to TS1/4 on input line 301.
Package textcomp Info: Setting augie sub-encoding to TS1/5 on input line 302.
Package textcomp Info: Setting dayrom sub-encoding to TS1/3 on input line 303.
Package textcomp Info: Setting dayroms sub-encoding to TS1/3 on input line 304.

Package textcomp Info: Setting pxr sub-encoding to TS1/0 on input line 305.
Package textcomp Info: Setting pxss sub-encoding to TS1/0 on input line 306.
Package textcomp Info: Setting pxtt sub-encoding to TS1/0 on input line 307.
Package textcomp Info: Setting txr sub-encoding to TS1/0 on input line 308.
Package textcomp Info: Setting txss sub-encoding to TS1/0 on input line 309.
Package textcomp Info: Setting txtt sub-encoding to TS1/0 on input line 310.
Package textcomp Info: Setting lmr sub-encoding to TS1/0 on input line 311.
Package textcomp Info: Setting lmdh sub-encoding to TS1/0 on input line 312.
Package textcomp Info: Setting lmss sub-encoding to TS1/0 on input line 313.
Package textcomp Info: Setting lmssq sub-encoding to TS1/0 on input line 314.
Package textcomp Info: Setting lmvtt sub-encoding to TS1/0 on input line 315.
Package textcomp Info: Setting qhv sub-encoding to TS1/0 on input line 316.
Package textcomp Info: Setting qag sub-encoding to TS1/0 on input line 317.
Package textcomp Info: Setting qbk sub-encoding to TS1/0 on input line 318.
Package textcomp Info: Setting qcr sub-encoding to TS1/0 on input line 319.
Package textcomp Info: Setting qcs sub-encoding to TS1/0 on input line 320.
Package textcomp Info: Setting qpl sub-encoding to TS1/0 on input line 321.
Package textcomp Info: Setting qtm sub-encoding to TS1/0 on input line 322.
Package textcomp Info: Setting qzc sub-encoding to TS1/0 on input line 323.
Package textcomp Info: Setting qhvc sub-encoding to TS1/0 on input line 324.
Package textcomp Info: Setting futs sub-encoding to TS1/4 on input line 325.
Package textcomp Info: Setting futx sub-encoding to TS1/4 on input line 326.
Package textcomp Info: Setting futj sub-encoding to TS1/4 on input line 327.
Package textcomp Info: Setting hlh sub-encoding to TS1/3 on input line 328.
Package textcomp Info: Setting hls sub-encoding to TS1/3 on input line 329.
Package textcomp Info: Setting hlst sub-encoding to TS1/3 on input line 330.
Package textcomp Info: Setting hlct sub-encoding to TS1/5 on input line 331.
Package textcomp Info: Setting hlx sub-encoding to TS1/5 on input line 332.
Package textcomp Info: Setting hlce sub-encoding to TS1/5 on input line 333.
Package textcomp Info: Setting hlcn sub-encoding to TS1/5 on input line 334.
Package textcomp Info: Setting hlcw sub-encoding to TS1/5 on input line 335.
Package textcomp Info: Setting hlcf sub-encoding to TS1/5 on input line 336.
Package textcomp Info: Setting pplx sub-encoding to TS1/3 on input line 337.
Package textcomp Info: Setting pplj sub-encoding to TS1/3 on input line 338.
Package textcomp Info: Setting ptmx sub-encoding to TS1/4 on input line 339.
Package textcomp Info: Setting ptmj sub-encoding to TS1/4 on input line 340.
)
\lbreakdots=\box63
LaTeX Font Info:    Try loading font information for OT1+pcr on input line 229.


("C:\Program Files (x86)\MiKTeX 2.9\tex\latex\psnfss\ot1pcr.fd"
File: ot1pcr.fd 2001/06/04 font definitions for OT1/pcr.
))
(C:\temp\gitsg\al_proj\Report\StyleFiles/watermark.sty

LaTeX Warning: You have requested package `StyleFiles/watermark',
               but the package provides `watermark'.

Package: watermark 2002/01/29 v1.00 Watermarks (NCC)
)
Package csquotes Info: Checking for multilingual support...
Package csquotes Info: ... found 'babel' package.
Package csquotes Info: Adjusting default style.
Package csquotes Info: Redefining alias 'default' -> 'english'.
 (C:\temp\gitsg\al_proj\Report\thesis.aux
(C:\temp\gitsg\al_proj\Report\Acknowledgement/acknowledgement.aux)
(C:\temp\gitsg\al_proj\Report\Abstract/abstract.aux)
(C:\temp\gitsg\al_proj\Report\Introduction/introduction.aux)
(C:\temp\gitsg\al_proj\Report\Chapter1/chapter1.aux)
(C:\temp\gitsg\al_proj\Report\Chapter2/chapter2.aux)
(C:\temp\gitsg\al_proj\Report\Chapter3/chapter3.aux)
(C:\temp\gitsg\al_proj\Report\Chapter4/chapter4.aux)
(C:\temp\gitsg\al_proj\Report\Conclusions/conclusions.aux)
(C:\temp\gitsg\al_proj\Report\Appendix1/appendix1.aux)
(C:\temp\gitsg\al_proj\Report\Appendix2/appendix2.aux))
LaTeX Font Info:    Checking defaults for OML/cmm/m/it on input line 94.
LaTeX Font Info:    ... okay on input line 94.
LaTeX Font Info:    Checking defaults for T1/cmr/m/n on input line 94.
LaTeX Font Info:    ... okay on input line 94.
LaTeX Font Info:    Checking defaults for OT1/cmr/m/n on input line 94.
LaTeX Font Info:    ... okay on input line 94.
LaTeX Font Info:    Checking defaults for OMS/cmsy/m/n on input line 94.
LaTeX Font Info:    ... okay on input line 94.
LaTeX Font Info:    Checking defaults for OMX/cmex/m/n on input line 94.
LaTeX Font Info:    ... okay on input line 94.
LaTeX Font Info:    Checking defaults for U/cmr/m/n on input line 94.
LaTeX Font Info:    ... okay on input line 94.
LaTeX Font Info:    Checking defaults for PD1/pdf/m/n on input line 94.
LaTeX Font Info:    ... okay on input line 94.
LaTeX Font Info:    Checking defaults for TS1/cmr/m/n on input line 94.
LaTeX Font Info:    Try loading font information for TS1+cmr on input line 94.

("C:\Program Files (x86)\MiKTeX 2.9\tex\latex\base\ts1cmr.fd"
File: ts1cmr.fd 1999/05/25 v2.5h Standard LaTeX font definitions
)
LaTeX Font Info:    ... okay on input line 94.

("C:\Program Files (x86)\MiKTeX 2.9\tex\context\base\supp-pdf.mkii"
[Loading MPS to PDF converter (version 2006.09.02).]
\scratchcounter=\count176
\scratchdimen=\dimen191
\scratchbox=\box64
\nofMPsegments=\count177
\nofMParguments=\count178
\everyMPshowfont=\toks41
\MPscratchCnt=\count179
\MPscratchDim=\dimen192
\MPnumerator=\count180
\makeMPintoPDFobject=\count181
\everyMPtoPDFconversion=\toks42
)
\AtBeginShipoutBox=\box65
Package backref Info: ** backref set up for natbib ** on input line 94.
Package hyperref Info: Link coloring ON on input line 94.
 ("C:\Program Files (x86)\MiKTeX 2.9\tex\latex\hyperref\nameref.sty"
Package: nameref 2010/04/30 v2.40 Cross-referencing by name of section

("C:\Program Files (x86)\MiKTeX 2.9\tex\generic\oberdiek\gettitlestring.sty"
Package: gettitlestring 2010/12/03 v1.4 Cleanup title references (HO)
)
\c@section@level=\count182
)
LaTeX Info: Redefining \ref on input line 94.
LaTeX Info: Redefining \pageref on input line 94.
LaTeX Info: Redefining \nameref on input line 94.

(C:\temp\gitsg\al_proj\Report\thesis.out)
(C:\temp\gitsg\al_proj\Report\thesis.out)
\@outlinefile=\write8

ABD: EveryShipout initializing macros
Package caption Info: Begin \AtBeginDocument code.
Package caption3 Info: subfig package 1.2 or 1.3 is loaded.
LaTeX Info: Redefining \subref on input line 94.
Package caption Info: listings package is loaded.
Package caption Info: End \AtBeginDocument code.
Package csquotes Info: Making character " active on input line 94.
\c@lstlisting=\count183
Package epstopdf Info: Source file: <ThesisFigs/imperial_crest.eps>
(epstopdf)                    date: 2014-06-04 18:03:17
(epstopdf)                    size: 398356 bytes
(epstopdf)             Output file: <ThesisFigs/imperial_crest-eps-converted-to
.pdf>
(epstopdf)                    date: 2014-06-04 18:03:30
(epstopdf)                    size: 135893 bytes
(epstopdf)             Command: <epstopdf --outfile=ThesisFigs/imperial_crest-e
ps-converted-to.pdf ThesisFigs/imperial_crest.eps>
(epstopdf)             \includegraphics on input line 114.
Package epstopdf Info: Output file is already uptodate.

<ThesisFigs/imperial_crest-eps-converted-to.pdf, id=348, 328.22626pt x 351.3125
pt>
File: ThesisFigs/imperial_crest-eps-converted-to.pdf Graphic file (type pdf)
 <use ThesisFigs/imperial_crest-eps-converted-to.pdf>
Package pdftex.def Info: ThesisFigs/imperial_crest-eps-converted-to.pdf used on
 input line 114.
(pdftex.def)             Requested size: 159.50005pt x 170.7187pt.
LaTeX Font Info:    Try loading font information for U+msa on input line 119.

("C:\Program Files (x86)\MiKTeX 2.9\tex\latex\amsfonts\umsa.fd"
File: umsa.fd 2009/06/22 v3.00 AMS symbols A
)
LaTeX Font Info:    Try loading font information for U+msb on input line 119.

("C:\Program Files (x86)\MiKTeX 2.9\tex\latex\amsfonts\umsb.fd"
File: umsb.fd 2009/06/22 v3.00 AMS symbols B
) [1


{C:/ProgramData/MiKTeX/2.9/pdftex/config/pdftex.map} <C:/temp/gitsg/al_proj/Rep
ort/ThesisFigs/imperial_crest-eps-converted-to.pdf>]
(C:\temp\gitsg\al_proj\Report\Acknowledgement/acknowledgement.tex [1


])
(C:\temp\gitsg\al_proj\Report\Abstract/abstract.tex [2


])
(C:\temp\gitsg\al_proj\Report\thesis.toc [3
\FN@pp@footnotehinttrue 


]

Package Fancyhdr Warning: \headheight is too small (12.5pt): 
 Make it at least 13.59999pt.
 We now make it that large for the rest of the document.
 This may cause the page layout to be inconsistent, however.

[4])
\tf@toc=\write9
 [5] (C:\temp\gitsg\al_proj\Report\thesis.lof
Missing character: There is no  in font cmr10!
Missing character: There is no  in font cmr10!
Missing character: There is no  in font cmr10!
 [6

])
\tf@lof=\write10

(C:\temp\gitsg\al_proj\Report\thesis.nls [7]) [8

]
(C:\temp\gitsg\al_proj\Report\Introduction/introduction.tex
Chapter 1.
pdfTeX warning (ext4): destination with the same identifier (name{page.1}) has 
been already used, duplicate ignored
<to be read again> 
                   \relax 
l.24 
      [1



] [2] [3]) [4] (C:\temp\gitsg\al_proj\Report\Chapter1/chapter1.tex
Chapter 2.
[5



] [6] [7] [8] (C:\temp\gitsg\al_proj\Report\Chapter1/Chapter1Figs/pmf.tikz
Missing character: There is no ; in font nullfont!
Missing character: There is no ; in font nullfont!
Missing character: There is no ; in font nullfont!
Missing character: There is no ; in font nullfont!
Missing character: There is no ; in font nullfont!
Missing character: There is no ; in font nullfont!
Missing character: There is no ; in font nullfont!
Missing character: There is no ; in font nullfont!
Missing character: There is no ; in font nullfont!
Missing character: There is no ; in font nullfont!
Missing character: There is no ; in font nullfont!
Missing character: There is no ; in font nullfont!
Missing character: There is no ; in font nullfont!
)
(C:\temp\gitsg\al_proj\Report\Chapter1/Chapter1Figs/bpmf.tikz
Missing character: There is no ; in font nullfont!
Missing character: There is no ; in font nullfont!
Missing character: There is no ; in font nullfont!
Missing character: There is no ; in font nullfont!
Missing character: There is no ; in font nullfont!
Missing character: There is no ; in font nullfont!
Missing character: There is no ; in font nullfont!
Missing character: There is no ; in font nullfont!
Missing character: There is no ; in font nullfont!
Missing character: There is no ; in font nullfont!
Missing character: There is no ; in font nullfont!
Missing character: There is no ; in font nullfont!
Missing character: There is no ; in font nullfont!
Missing character: There is no ; in font nullfont!
Missing character: There is no ; in font nullfont!
Missing character: There is no ; in font nullfont!
Missing character: There is no ; in font nullfont!
Missing character: There is no ; in font nullfont!
Missing character: There is no ; in font nullfont!
Missing character: There is no ; in font nullfont!
Missing character: There is no ; in font nullfont!
Missing character: There is no ; in font nullfont!
Missing character: There is no ; in font nullfont!
Missing character: There is no ; in font nullfont!
Missing character: There is no ; in font nullfont!
Missing character: There is no ; in font nullfont!
Missing character: There is no ; in font nullfont!
Missing character: There is no ; in font nullfont!
Missing character: There is no ; in font nullfont!
Missing character: There is no ; in font nullfont!
Missing character: There is no ; in font nullfont!
) [9] [10]
(C:\temp\gitsg\al_proj\Report\Chapter1/Chapter1Figs/5pcmatrix.tikz
<Chapter1/Chapter1Figs/5pcmatrix-1.png, id=626, 200.75pt x 321.2pt>
File: Chapter1/Chapter1Figs/5pcmatrix-1.png Graphic file (type png)

<use Chapter1/Chapter1Figs/5pcmatrix-1.png>
Package pdftex.def Info: Chapter1/Chapter1Figs/5pcmatrix-1.png used on input li
ne 26.
(pdftex.def)             Requested size: 180.68251pt x 180.66965pt.

<Chapter1/Chapter1Figs/5pcmatrix-2.png, id=627, 200.75pt x 321.2pt>
File: Chapter1/Chapter1Figs/5pcmatrix-2.png Graphic file (type png)

<use Chapter1/Chapter1Figs/5pcmatrix-2.png>
Package pdftex.def Info: Chapter1/Chapter1Figs/5pcmatrix-2.png used on input li
ne 44.
(pdftex.def)             Requested size: 180.68251pt x 180.66965pt.

<Chapter1/Chapter1Figs/5pcmatrix-3.png, id=628, 200.75pt x 321.2pt>
File: Chapter1/Chapter1Figs/5pcmatrix-3.png Graphic file (type png)

<use Chapter1/Chapter1Figs/5pcmatrix-3.png>
Package pdftex.def Info: Chapter1/Chapter1Figs/5pcmatrix-3.png used on input li
ne 283.
(pdftex.def)             Requested size: 180.68251pt x 180.66965pt.

<Chapter1/Chapter1Figs/5pcmatrix-4.png, id=629, 150.5625pt x 240.9pt>
File: Chapter1/Chapter1Figs/5pcmatrix-4.png Graphic file (type png)

<use Chapter1/Chapter1Figs/5pcmatrix-4.png>
Package pdftex.def Info: Chapter1/Chapter1Figs/5pcmatrix-4.png used on input li
ne 301.
(pdftex.def)             Requested size: 180.68787pt x 180.66719pt.

<Chapter1/Chapter1Figs/5pcmatrix-5.png, id=630, 200.75pt x 321.2pt>
File: Chapter1/Chapter1Figs/5pcmatrix-5.png Graphic file (type png)

<use Chapter1/Chapter1Figs/5pcmatrix-5.png>
Package pdftex.def Info: Chapter1/Chapter1Figs/5pcmatrix-5.png used on input li
ne 318.
(pdftex.def)             Requested size: 180.68251pt x 180.66965pt.
)
(C:\temp\gitsg\al_proj\Report\Chapter1/Chapter1Figs/15pcmatrix.tikz
<Chapter1/Chapter1Figs/15pcmatrix-1.png, id=631, 200.75pt x 321.2pt>
File: Chapter1/Chapter1Figs/15pcmatrix-1.png Graphic file (type png)

<use Chapter1/Chapter1Figs/15pcmatrix-1.png>
Package pdftex.def Info: Chapter1/Chapter1Figs/15pcmatrix-1.png used on input l
ine 26.
(pdftex.def)             Requested size: 180.68251pt x 180.66965pt.

<Chapter1/Chapter1Figs/15pcmatrix-2.png, id=632, 200.75pt x 321.2pt>
File: Chapter1/Chapter1Figs/15pcmatrix-2.png Graphic file (type png)

<use Chapter1/Chapter1Figs/15pcmatrix-2.png>
Package pdftex.def Info: Chapter1/Chapter1Figs/15pcmatrix-2.png used on input l
ine 43.
(pdftex.def)             Requested size: 180.68251pt x 180.66965pt.

<Chapter1/Chapter1Figs/15pcmatrix-3.png, id=633, 150.5625pt x 240.9pt>
File: Chapter1/Chapter1Figs/15pcmatrix-3.png Graphic file (type png)

<use Chapter1/Chapter1Figs/15pcmatrix-3.png>
Package pdftex.def Info: Chapter1/Chapter1Figs/15pcmatrix-3.png used on input l
ine 60.
(pdftex.def)             Requested size: 180.68787pt x 180.66719pt.
) [11] [12 <C:/temp/gitsg/al_proj/Report/Chapter1/Chapter1Figs/5pcmatrix-1.png>
 <C:/temp/gitsg/al_proj/Report/Chapter1/Chapter1Figs/5pcmatrix-2.png> <C:/temp/
gitsg/al_proj/Report/Chapter1/Chapter1Figs/5pcmatrix-3.png> <C:/temp/gitsg/al_p
roj/Report/Chapter1/Chapter1Figs/5pcmatrix-4.png (PNG copy)> <C:/temp/gitsg/al_
proj/Report/Chapter1/Chapter1Figs/5pcmatrix-5.png>]
(C:\temp\gitsg\al_proj\Report\Chapter1/Chapter1Figs/eiffel_tower.tikz
<Chapter1/Chapter1Figs/eiffel_tower-1.png, id=648, 301.125pt x 301.125pt>
File: Chapter1/Chapter1Figs/eiffel_tower-1.png Graphic file (type png)

<use Chapter1/Chapter1Figs/eiffel_tower-1.png>
Package pdftex.def Info: Chapter1/Chapter1Figs/eiffel_tower-1.png used on input
 line 26.
(pdftex.def)             Requested size: 180.68097pt x 180.68097pt.

<Chapter1/Chapter1Figs/eiffel_tower-2.png, id=649, 301.125pt x 301.125pt>
File: Chapter1/Chapter1Figs/eiffel_tower-2.png Graphic file (type png)

<use Chapter1/Chapter1Figs/eiffel_tower-2.png>
Package pdftex.def Info: Chapter1/Chapter1Figs/eiffel_tower-2.png used on input
 line 44.
(pdftex.def)             Requested size: 180.68097pt x 180.68097pt.

<Chapter1/Chapter1Figs/eiffel_tower-3.png, id=650, 301.125pt x 301.125pt>
File: Chapter1/Chapter1Figs/eiffel_tower-3.png Graphic file (type png)

<use Chapter1/Chapter1Figs/eiffel_tower-3.png>
Package pdftex.def Info: Chapter1/Chapter1Figs/eiffel_tower-3.png used on input
 line 62.
(pdftex.def)             Requested size: 180.68097pt x 180.68097pt.

<Chapter1/Chapter1Figs/eiffel_tower-4.png, id=651, 301.125pt x 301.125pt>
File: Chapter1/Chapter1Figs/eiffel_tower-4.png Graphic file (type png)

<use Chapter1/Chapter1Figs/eiffel_tower-4.png>
Package pdftex.def Info: Chapter1/Chapter1Figs/eiffel_tower-4.png used on input
 line 80.
(pdftex.def)             Requested size: 180.68097pt x 180.68097pt.

<Chapter1/Chapter1Figs/eiffel_tower-5.png, id=652, 301.125pt x 301.125pt>
File: Chapter1/Chapter1Figs/eiffel_tower-5.png Graphic file (type png)

<use Chapter1/Chapter1Figs/eiffel_tower-5.png>
Package pdftex.def Info: Chapter1/Chapter1Figs/eiffel_tower-5.png used on input
 line 98.
(pdftex.def)             Requested size: 180.68097pt x 180.68097pt.

<Chapter1/Chapter1Figs/eiffel_tower-6.png, id=653, 301.125pt x 301.125pt>
File: Chapter1/Chapter1Figs/eiffel_tower-6.png Graphic file (type png)

<use Chapter1/Chapter1Figs/eiffel_tower-6.png>
Package pdftex.def Info: Chapter1/Chapter1Figs/eiffel_tower-6.png used on input
 line 115.
(pdftex.def)             Requested size: 180.68097pt x 180.68097pt.
) [13 <C:/temp/gitsg/al_proj/Report/Chapter1/Chapter1Figs/15pcmatrix-1.png> <C:
/temp/gitsg/al_proj/Report/Chapter1/Chapter1Figs/15pcmatrix-2.png> <C:/temp/git
sg/al_proj/Report/Chapter1/Chapter1Figs/15pcmatrix-3.png (PNG copy)>] [14 <C:/t
emp/gitsg/al_proj/Report/Chapter1/Chapter1Figs/eiffel_tower-1.png> <C:/temp/git
sg/al_proj/Report/Chapter1/Chapter1Figs/eiffel_tower-2.png> <C:/temp/gitsg/al_p
roj/Report/Chapter1/Chapter1Figs/eiffel_tower-3.png> <C:/temp/gitsg/al_proj/Rep
ort/Chapter1/Chapter1Figs/eiffel_tower-4.png> <C:/temp/gitsg/al_proj/Report/Cha
pter1/Chapter1Figs/eiffel_tower-5.png> <C:/temp/gitsg/al_proj/Report/Chapter1/C
hapter1Figs/eiffel_tower-6.png>]

Package hyperref Warning: Token not allowed in a PDF string (PDFDocEncoding):
(hyperref)                removing `math shift' on input line 317.


Package hyperref Warning: Token not allowed in a PDF string (PDFDocEncoding):
(hyperref)                removing `\mu' on input line 317.


Package hyperref Warning: Token not allowed in a PDF string (PDFDocEncoding):
(hyperref)                removing `math shift' on input line 317.

[15] [16]
(C:\temp\gitsg\al_proj\Report\Chapter1/Chapter1Figs/over_under_fit.tikz
Missing character: There is no ; in font nullfont!
Missing character: There is no ; in font nullfont!
)
[17]) [18] (C:\temp\gitsg\al_proj\Report\Chapter2/chapter2.tex
Chapter 3.
<Chapter2/Chapter2Figs/RS-ALdiag.png, id=710, 602.25pt x 301.125pt>
File: Chapter2/Chapter2Figs/RS-ALdiag.png Graphic file (type png)

<use Chapter2/Chapter2Figs/RS-ALdiag.png>
Package pdftex.def Info: Chapter2/Chapter2Figs/RS-ALdiag.png used on input line
 18.
(pdftex.def)             Requested size: 455.24408pt x 227.63055pt.
Missing character: There is no  in font cmr10!
Missing character: There is no  in font cmr10!
Missing character: There is no  in font cmr10!
Missing character: There is no  in font cmr10!
Missing character: There is no  in font cmr10!
Missing character: There is no  in font cmr10!
Missing character: There is no  in font cmr10!
Missing character: There is no  in font cmr10!
Missing character: There is no  in font cmr10!
 [19



] [20 <C:/temp/gitsg/al_proj/Report/Chapter2/Chapter2Figs/RS-ALdiag.png>]
<Chapter2/Chapter2Figs/min_knowl_rate.pdf, id=724, 611.06596pt x 179.55482pt>
File: Chapter2/Chapter2Figs/min_knowl_rate.pdf Graphic file (type pdf)

<use Chapter2/Chapter2Figs/min_knowl_rate.pdf>
Package pdftex.def Info: Chapter2/Chapter2Figs/min_knowl_rate.pdf used on input
 line 36.
(pdftex.def)             Requested size: 455.24408pt x 133.76714pt.
 [21 <C:/temp/gitsg/al_proj/Report/Chapter2/Chapter2Figs/min_knowl_rate.pdf>] [
22]
Package hyperref Info: bookmark level for unknown algorithm defaults to 0 on in
put line 77.

(C:\temp\gitsg\al_proj\Report\Chapter2/Chapter2Figs/search_mat.tikz
<Chapter2/Chapter2Figs/search_mat-1.png, id=749, 200.75pt x 321.2pt>
File: Chapter2/Chapter2Figs/search_mat-1.png Graphic file (type png)

<use Chapter2/Chapter2Figs/search_mat-1.png>
Package pdftex.def Info: Chapter2/Chapter2Figs/search_mat-1.png used on input l
ine 26.
(pdftex.def)             Requested size: 180.68251pt x 198.73515pt.

<Chapter2/Chapter2Figs/search_mat-2.png, id=750, 150.5625pt x 240.9pt>
File: Chapter2/Chapter2Figs/search_mat-2.png Graphic file (type png)

<use Chapter2/Chapter2Figs/search_mat-2.png>
Package pdftex.def Info: Chapter2/Chapter2Figs/search_mat-2.png used on input l
ine 43.
(pdftex.def)             Requested size: 180.68787pt x 198.73758pt.

<Chapter2/Chapter2Figs/search_mat-3.png, id=752, 4.015pt x 200.75pt>
File: Chapter2/Chapter2Figs/search_mat-3.png Graphic file (type png)

<use Chapter2/Chapter2Figs/search_mat-3.png>
Package pdftex.def Info: Chapter2/Chapter2Figs/search_mat-3.png used on input l
ine 61.
(pdftex.def)             Requested size: 15.05704pt x 198.75229pt.

<Chapter2/Chapter2Figs/search_mat-4.png, id=753, 150.5625pt x 240.9pt>
File: Chapter2/Chapter2Figs/search_mat-4.png Graphic file (type png)

<use Chapter2/Chapter2Figs/search_mat-4.png>
Package pdftex.def Info: Chapter2/Chapter2Figs/search_mat-4.png used on input l
ine 78.
(pdftex.def)             Requested size: 180.68787pt x 198.73758pt.
) [23]
(C:\temp\gitsg\al_proj\Report\Chapter2/Chapter2Figs/mks.tikz
Missing character: There is no ; in font nullfont!
Missing character: There is no ; in font nullfont!
)
<Chapter2/Chapter2Figs/know-10.png, id=763, 200.75pt x 321.2pt>
File: Chapter2/Chapter2Figs/know-10.png Graphic file (type png)

<use Chapter2/Chapter2Figs/know-10.png>
Package pdftex.def Info: Chapter2/Chapter2Figs/know-10.png used on input line 1
33.
(pdftex.def)             Requested size: 113.81102pt x 182.10077pt.

<Chapter2/Chapter2Figs/know-50.png, id=764, 200.75pt x 321.2pt>
File: Chapter2/Chapter2Figs/know-50.png Graphic file (type png)

<use Chapter2/Chapter2Figs/know-50.png>
Package pdftex.def Info: Chapter2/Chapter2Figs/know-50.png used on input line 1
35.
(pdftex.def)             Requested size: 113.81102pt x 182.10077pt.

<Chapter2/Chapter2Figs/know-200.png, id=765, 200.75pt x 321.2pt>
File: Chapter2/Chapter2Figs/know-200.png Graphic file (type png)

<use Chapter2/Chapter2Figs/know-200.png>
Package pdftex.def Info: Chapter2/Chapter2Figs/know-200.png used on input line 
137.
(pdftex.def)             Requested size: 113.81102pt x 182.10077pt.
 [24 <C:/temp/gitsg/al_proj/Report/Chapter2/Chapter2Figs/search_mat-1.png> <C:/
temp/gitsg/al_proj/Report/Chapter2/Chapter2Figs/search_mat-2.png> <C:/temp/gits
g/al_proj/Report/Chapter2/Chapter2Figs/search_mat-3.png> <C:/temp/gitsg/al_proj
/Report/Chapter2/Chapter2Figs/search_mat-4.png>] [25]) [26 <C:/temp/gitsg/al_pr
oj/Report/Chapter2/Chapter2Figs/know-10.png> <C:/temp/gitsg/al_proj/Report/Chap
ter2/Chapter2Figs/know-50.png> <C:/temp/gitsg/al_proj/Report/Chapter2/Chapter2F
igs/know-200.png>]
(C:\temp\gitsg\al_proj\Report\Chapter3/chapter3.tex
Chapter 4.
(C:\temp\gitsg\al_proj\Report\Chapter3/Chapter3Figs/u_v_cluster.tikz
Missing character: There is no ; in font nullfont!
Missing character: There is no ; in font nullfont!
Missing character: There is no ; in font nullfont!
Missing character: There is no ; in font nullfont!
) [27



]
[28] [29]
(C:\temp\gitsg\al_proj\Report\Chapter3/Chapter3Figs/eiffel_clustering_random.ti
kz
<Chapter3/Chapter3Figs/eiffel_clustering_random-1.png, id=818, 301.125pt x 481.
8pt>
File: Chapter3/Chapter3Figs/eiffel_clustering_random-1.png Graphic file (type p
ng)
 <use Chapter3/Chapter3Figs/eiffel_clustering_random-1.png>
Package pdftex.def Info: Chapter3/Chapter3Figs/eiffel_clustering_random-1.png u
sed on input line 26.
(pdftex.def)             Requested size: 121.40817pt x 149.51083pt.

<Chapter3/Chapter3Figs/eiffel_clustering_random-2.png, id=819, 301.125pt x 481.
8pt>
File: Chapter3/Chapter3Figs/eiffel_clustering_random-2.png Graphic file (type p
ng)
 <use Chapter3/Chapter3Figs/eiffel_clustering_random-2.png>
Package pdftex.def Info: Chapter3/Chapter3Figs/eiffel_clustering_random-2.png u
sed on input line 43.
(pdftex.def)             Requested size: 121.40817pt x 149.51083pt.

<Chapter3/Chapter3Figs/eiffel_clustering_random-3.png, id=820, 225.84375pt x 36
1.35pt>
File: Chapter3/Chapter3Figs/eiffel_clustering_random-3.png Graphic file (type p
ng)
 <use Chapter3/Chapter3Figs/eiffel_clustering_random-3.png>
Package pdftex.def Info: Chapter3/Chapter3Figs/eiffel_clustering_random-3.png u
sed on input line 751.
(pdftex.def)             Requested size: 121.40932pt x 149.51083pt.
) [30 <C:/temp/gitsg/al_proj/Report/Chapter3/Chapter3Figs/eiffel_clustering_ran
dom-1.png> <C:/temp/gitsg/al_proj/Report/Chapter3/Chapter3Figs/eiffel_clusterin
g_random-2.png> <C:/temp/gitsg/al_proj/Report/Chapter3/Chapter3Figs/eiffel_clus
tering_random-3.png>]
(C:\temp\gitsg\al_proj\Report\Chapter3/Chapter3Figs/synthetic_cks_rand.tikz
Missing character: There is no ; in font nullfont!
Missing character: There is no ; in font nullfont!

<Chapter3/Chapter3Figs/synthetic_cks_rand-1.png, id=832, 301.125pt x 481.8pt>
File: Chapter3/Chapter3Figs/synthetic_cks_rand-1.png Graphic file (type png)

<use Chapter3/Chapter3Figs/synthetic_cks_rand-1.png>
Package pdftex.def Info: Chapter3/Chapter3Figs/synthetic_cks_rand-1.png used on
 input line 389.
(pdftex.def)             Requested size: 168.53235pt x 179.66002pt.

<Chapter3/Chapter3Figs/synthetic_cks_rand-2.png, id=833, 225.84375pt x 361.35pt
>
File: Chapter3/Chapter3Figs/synthetic_cks_rand-2.png Graphic file (type png)
 <use Chapter3/Chapter3Figs/synthetic_cks_rand-2.png>
Package pdftex.def Info: Chapter3/Chapter3Figs/synthetic_cks_rand-2.png used on
 input line 406.
(pdftex.def)             Requested size: 168.53464pt x 179.66554pt.
) [31 <C:/temp/gitsg/al_proj/Report/Chapter3/Chapter3Figs/synthetic_cks_rand-1.
png> <C:/temp/gitsg/al_proj/Report/Chapter3/Chapter3Figs/synthetic_cks_rand-2.p
ng (PNG copy)>]
<Chapter3/Chapter3Figs/SutherlandPerformance.png, id=849, 2265.21281pt x 964.35
281pt>
File: Chapter3/Chapter3Figs/SutherlandPerformance.png Graphic file (type png)
 <use Chapter3/Chapter3Figs/SutherlandPerformance.png>
Package pdftex.def Info: Chapter3/Chapter3Figs/SutherlandPerformance.png used o
n input line 161.
(pdftex.def)             Requested size: 455.24408pt x 193.80888pt.

<Chapter3/Chapter3Figs/SutherlandPerformance_disc.png, id=851, 2288.55pt x 974.
13937pt>
File: Chapter3/Chapter3Figs/SutherlandPerformance_disc.png Graphic file (type p
ng)
 <use Chapter3/Chapter3Figs/SutherlandPerformance_disc.png>
Package pdftex.def Info: Chapter3/Chapter3Figs/SutherlandPerformance_disc.png u
sed on input line 170.
(pdftex.def)             Requested size: 455.24408pt x 193.76906pt.
 [32]
[33 <C:/temp/gitsg/al_proj/Report/Chapter3/Chapter3Figs/SutherlandPerformance.p
ng> <C:/temp/gitsg/al_proj/Report/Chapter3/Chapter3Figs/SutherlandPerformance_d
isc.png>] [34]
(C:\temp\gitsg\al_proj\Report\Chapter3/Chapter3Figs/MN-V-perf.tikz
Missing character: There is no ; in font nullfont!
Missing character: There is no ; in font nullfont!
) [35]
[36] [37]
(C:\temp\gitsg\al_proj\Report\Chapter3/Chapter3Figs/MN-V-varsearch.tikz
<Chapter3/Chapter3Figs/MN-V-varsearch-1.png, id=904, 50.1875pt x 80.3pt>
File: Chapter3/Chapter3Figs/MN-V-varsearch-1.png Graphic file (type png)

<use Chapter3/Chapter3Figs/MN-V-varsearch-1.png>
Package pdftex.def Info: Chapter3/Chapter3Figs/MN-V-varsearch-1.png used on inp
ut line 384.
(pdftex.def)             Requested size: 158.77068pt x 164.2509pt.

<Chapter3/Chapter3Figs/MN-V-varsearch-2.png, id=905, 188.20313pt x 301.125pt>
File: Chapter3/Chapter3Figs/MN-V-varsearch-2.png Graphic file (type png)

<use Chapter3/Chapter3Figs/MN-V-varsearch-2.png>
Package pdftex.def Info: Chapter3/Chapter3Figs/MN-V-varsearch-2.png used on inp
ut line 401.
(pdftex.def)             Requested size: 158.7328pt x 164.25pt.
)
(C:\temp\gitsg\al_proj\Report\Chapter3/Chapter3Figs/eiffel_max_var_search.tikz
<Chapter3/Chapter3Figs/eiffel_max_var_search-1.png, id=906, 50.1875pt x 80.3pt>
File: Chapter3/Chapter3Figs/eiffel_max_var_search-1.png Graphic file (type png)

<use Chapter3/Chapter3Figs/eiffel_max_var_search-1.png>
Package pdftex.def Info: Chapter3/Chapter3Figs/eiffel_max_var_search-1.png used
 on input line 26.
(pdftex.def)             Requested size: 162.6548pt x 180.66962pt.

<Chapter3/Chapter3Figs/eiffel_max_var_search-2.png, id=907, 50.1875pt x 80.3pt>
File: Chapter3/Chapter3Figs/eiffel_max_var_search-2.png Graphic file (type png)

<use Chapter3/Chapter3Figs/eiffel_max_var_search-2.png>
Package pdftex.def Info: Chapter3/Chapter3Figs/eiffel_max_var_search-2.png used
 on input line 43.
(pdftex.def)             Requested size: 162.6548pt x 180.66962pt.

<Chapter3/Chapter3Figs/eiffel_max_var_search-3.png, id=908, 188.20313pt x 301.1
25pt>
File: Chapter3/Chapter3Figs/eiffel_max_var_search-3.png Graphic file (type png)

 <use Chapter3/Chapter3Figs/eiffel_max_var_search-3.png>
Package pdftex.def Info: Chapter3/Chapter3Figs/eiffel_max_var_search-3.png used
 on input line 751.
(pdftex.def)             Requested size: 162.61827pt x 180.67178pt.
) [38] [39 <C:/temp/gitsg/al_proj/Report/Chapter3/Chapter3Figs/MN-V-varsearch-1
.png> <C:/temp/gitsg/al_proj/Report/Chapter3/Chapter3Figs/MN-V-varsearch-2.png>
 <C:/temp/gitsg/al_proj/Report/Chapter3/Chapter3Figs/eiffel_max_var_search-1.pn
g> <C:/temp/gitsg/al_proj/Report/Chapter3/Chapter3Figs/eiffel_max_var_search-2.
png> <C:/temp/gitsg/al_proj/Report/Chapter3/Chapter3Figs/eiffel_max_var_search-
3.png>]
LaTeX Font Info:    Try loading font information for U+euf on input line 363.

("C:\Program Files (x86)\MiKTeX 2.9\tex\latex\amsfonts\ueuf.fd"
File: ueuf.fd 2009/06/22 v3.00 Euler Fraktur
) [40]
(C:\temp\gitsg\al_proj\Report\Chapter3/Chapter3Figs/lookahead_boxplot.tikz)
[41] [42]
(C:\temp\gitsg\al_proj\Report\Chapter3/Chapter3Figs/combined_compared.tikz)
Overfull \hbox (2.77667pt too wide) in paragraph at lines 441--441
[]\OT1/cmr/bx/n/10.95 MCMCVar:| 
 []


Overfull \hbox (2.4754pt too wide) in paragraph at lines 438--443
[][] 
 []

[43]) [44] (C:\temp\gitsg\al_proj\Report\Chapter4/chapter4.tex
Chapter 5.
[45



]
(C:\temp\gitsg\al_proj\Report\Chapter4/Chapter4Figs/movielens_full_mks.tikz
<Chapter4/Chapter4Figs/movielens_full_mks-1.png, id=973, 387.69844pt x 333.4959
4pt>
File: Chapter4/Chapter4Figs/movielens_full_mks-1.png Graphic file (type png)
 <use Chapter4/Chapter4Figs/movielens_full_mks-1.png>
Package pdftex.def Info: Chapter4/Chapter4Figs/movielens_full_mks-1.png used on
 input line 26.
(pdftex.def)             Requested size: 144.54059pt x 144.53523pt.
Missing character: There is no ; in font nullfont!
Missing character: There is no ; in font nullfont!

<Chapter4/Chapter4Figs/movielens_full_mks-2.png, id=974, 387.69844pt x 333.4959
4pt>
File: Chapter4/Chapter4Figs/movielens_full_mks-2.png Graphic file (type png)
 <use Chapter4/Chapter4Figs/movielens_full_mks-2.png>
Package pdftex.def Info: Chapter4/Chapter4Figs/movielens_full_mks-2.png used on
 input line 187.
(pdftex.def)             Requested size: 144.54059pt x 144.53523pt.
)
(C:\temp\gitsg\al_proj\Report\Chapter4/Chapter4Figs/movielens_full_mcmcvar.tikz

<Chapter4/Chapter4Figs/movielens_full_mcmcvar-1.png, id=975, 387.69844pt x 333.
49594pt>
File: Chapter4/Chapter4Figs/movielens_full_mcmcvar-1.png Graphic file (type png
)
 <use Chapter4/Chapter4Figs/movielens_full_mcmcvar-1.png>
Package pdftex.def Info: Chapter4/Chapter4Figs/movielens_full_mcmcvar-1.png use
d on input line 26.
(pdftex.def)             Requested size: 144.54059pt x 144.53523pt.
Missing character: There is no ; in font nullfont!
Missing character: There is no ; in font nullfont!

<Chapter4/Chapter4Figs/movielens_full_mcmcvar-2.png, id=976, 387.69844pt x 333.
49594pt>
File: Chapter4/Chapter4Figs/movielens_full_mcmcvar-2.png Graphic file (type png
)
 <use Chapter4/Chapter4Figs/movielens_full_mcmcvar-2.png>
Package pdftex.def Info: Chapter4/Chapter4Figs/movielens_full_mcmcvar-2.png use
d on input line 189.
(pdftex.def)             Requested size: 144.54059pt x 144.53523pt.

<Chapter4/Chapter4Figs/movielens_full_mcmcvar-3.png, id=977, 387.69844pt x 333.
49594pt>
File: Chapter4/Chapter4Figs/movielens_full_mcmcvar-3.png Graphic file (type png
)
 <use Chapter4/Chapter4Figs/movielens_full_mcmcvar-3.png>
Package pdftex.def Info: Chapter4/Chapter4Figs/movielens_full_mcmcvar-3.png use
d on input line 207.
(pdftex.def)             Requested size: 144.54059pt x 144.53523pt.

<Chapter4/Chapter4Figs/movielens_full_mcmcvar-4.png, id=978, 516.93124pt x 444.
66125pt>
File: Chapter4/Chapter4Figs/movielens_full_mcmcvar-4.png Graphic file (type png
)
 <use Chapter4/Chapter4Figs/movielens_full_mcmcvar-4.png>
Package pdftex.def Info: Chapter4/Chapter4Figs/movielens_full_mcmcvar-4.png use
d on input line 225.
(pdftex.def)             Requested size: 144.53467pt x 144.53354pt.

<Chapter4/Chapter4Figs/movielens_full_mcmcvar-5.png, id=979, 516.93124pt x 444.
66125pt>
File: Chapter4/Chapter4Figs/movielens_full_mcmcvar-5.png Graphic file (type png
)
 <use Chapter4/Chapter4Figs/movielens_full_mcmcvar-5.png>
Package pdftex.def Info: Chapter4/Chapter4Figs/movielens_full_mcmcvar-5.png use
d on input line 242.
(pdftex.def)             Requested size: 144.53467pt x 144.53354pt.
)
(C:\temp\gitsg\al_proj\Report\Chapter4/Chapter4Figs/drugbank_mks.tikz
<Chapter4/Chapter4Figs/drugbank_mks-1.png, id=982, 319.94531pt x 70.76437pt>
File: Chapter4/Chapter4Figs/drugbank_mks-1.png Graphic file (type png)

<use Chapter4/Chapter4Figs/drugbank_mks-1.png>
Package pdftex.def Info: Chapter4/Chapter4Figs/drugbank_mks-1.png used on input
 line 26.
(pdftex.def)             Requested size: 137.30528pt x 144.56578pt.
Missing character: There is no ; in font nullfont!
Missing character: There is no ; in font nullfont!

<Chapter4/Chapter4Figs/drugbank_mks-2.png, id=983, 426.59375pt x 94.3525pt>
File: Chapter4/Chapter4Figs/drugbank_mks-2.png Graphic file (type png)

<use Chapter4/Chapter4Figs/drugbank_mks-2.png>
Package pdftex.def Info: Chapter4/Chapter4Figs/drugbank_mks-2.png used on input
 line 519.
(pdftex.def)             Requested size: 144.53873pt x 144.54886pt.

<Chapter4/Chapter4Figs/drugbank_mks-3.png, id=984, 319.94531pt x 70.76437pt>
File: Chapter4/Chapter4Figs/drugbank_mks-3.png Graphic file (type png)

<use Chapter4/Chapter4Figs/drugbank_mks-3.png>
Package pdftex.def Info: Chapter4/Chapter4Figs/drugbank_mks-3.png used on input
 line 537.
(pdftex.def)             Requested size: 144.54036pt x 144.56578pt.

<Chapter4/Chapter4Figs/drugbank_mks-4.png, id=985, 426.59375pt x 94.3525pt>
File: Chapter4/Chapter4Figs/drugbank_mks-4.png Graphic file (type png)

<use Chapter4/Chapter4Figs/drugbank_mks-4.png>
Package pdftex.def Info: Chapter4/Chapter4Figs/drugbank_mks-4.png used on input
 line 555.
(pdftex.def)             Requested size: 144.53873pt x 144.54886pt.

<Chapter4/Chapter4Figs/drugbank_mks-5.png, id=986, 426.59375pt x 94.3525pt>
File: Chapter4/Chapter4Figs/drugbank_mks-5.png Graphic file (type png)

<use Chapter4/Chapter4Figs/drugbank_mks-5.png>
Package pdftex.def Info: Chapter4/Chapter4Figs/drugbank_mks-5.png used on input
 line 572.
(pdftex.def)             Requested size: 144.53873pt x 144.54886pt.
)
(C:\temp\gitsg\al_proj\Report\Chapter4/Chapter4Figs/drugbank_mcmcvar.tikz
<Chapter4/Chapter4Figs/drugbank_mcmcvar-1.png, id=987, 426.59375pt x 94.3525pt>
File: Chapter4/Chapter4Figs/drugbank_mcmcvar-1.png Graphic file (type png)
<use Chapter4/Chapter4Figs/drugbank_mcmcvar-1.png>
Package pdftex.def Info: Chapter4/Chapter4Figs/drugbank_mcmcvar-1.png used on i
nput line 26.
(pdftex.def)             Requested size: 144.53873pt x 144.54886pt.
Missing character: There is no ; in font nullfont!
Missing character: There is no ; in font nullfont!

<Chapter4/Chapter4Figs/drugbank_mcmcvar-2.png, id=988, 426.59375pt x 94.3525pt>
File: Chapter4/Chapter4Figs/drugbank_mcmcvar-2.png Graphic file (type png)
<use Chapter4/Chapter4Figs/drugbank_mcmcvar-2.png>
Package pdftex.def Info: Chapter4/Chapter4Figs/drugbank_mcmcvar-2.png used on i
nput line 625.
(pdftex.def)             Requested size: 144.53873pt x 144.54886pt.
)

LaTeX Warning: Float too large for page by 26.15833pt on input line 79.

(C:\temp\gitsg\al_proj\Report\Chapter4/Chapter4Figs/hiva_mcmcmvar.tikz
<Chapter4/Chapter4Figs/hiva_mcmcmvar-1.png, id=992, 1217.2978pt x 150.5625pt>
File: Chapter4/Chapter4Figs/hiva_mcmcmvar-1.png Graphic file (type png)

<use Chapter4/Chapter4Figs/hiva_mcmcmvar-1.png>
Package pdftex.def Info: Chapter4/Chapter4Figs/hiva_mcmcmvar-1.png used on inpu
t line 26.
(pdftex.def)             Requested size: 144.52776pt x 144.54982pt.
Missing character: There is no ; in font nullfont!
Missing character: There is no ; in font nullfont!

<Chapter4/Chapter4Figs/hiva_mcmcmvar-2.png, id=993, 1623.06375pt x 200.75pt>
File: Chapter4/Chapter4Figs/hiva_mcmcmvar-2.png Graphic file (type png)

<use Chapter4/Chapter4Figs/hiva_mcmcmvar-2.png>
Package pdftex.def Info: Chapter4/Chapter4Figs/hiva_mcmcmvar-2.png used on inpu
t line 723.
(pdftex.def)             Requested size: 144.53394pt x 144.546pt.

<Chapter4/Chapter4Figs/hiva_mcmcmvar-3.png, id=994, 1217.2978pt x 150.5625pt>
File: Chapter4/Chapter4Figs/hiva_mcmcmvar-3.png Graphic file (type png)

<use Chapter4/Chapter4Figs/hiva_mcmcmvar-3.png>
Package pdftex.def Info: Chapter4/Chapter4Figs/hiva_mcmcmvar-3.png used on inpu
t line 741.
(pdftex.def)             Requested size: 144.52776pt x 144.54982pt.

<Chapter4/Chapter4Figs/hiva_mcmcmvar-4.png, id=995, 1623.06375pt x 200.75pt>
File: Chapter4/Chapter4Figs/hiva_mcmcmvar-4.png Graphic file (type png)

<use Chapter4/Chapter4Figs/hiva_mcmcmvar-4.png>
Package pdftex.def Info: Chapter4/Chapter4Figs/hiva_mcmcmvar-4.png used on inpu
t line 759.
(pdftex.def)             Requested size: 144.53394pt x 144.546pt.

<Chapter4/Chapter4Figs/hiva_mcmcmvar-5.png, id=996, 1623.06375pt x 200.75pt>
File: Chapter4/Chapter4Figs/hiva_mcmcmvar-5.png Graphic file (type png)

<use Chapter4/Chapter4Figs/hiva_mcmcmvar-5.png>
Package pdftex.def Info: Chapter4/Chapter4Figs/hiva_mcmcmvar-5.png used on inpu
t line 776.
(pdftex.def)             Requested size: 144.53394pt x 144.546pt.
) [46] [47 <C:/temp/gitsg/al_proj/Report/Chapter4/Chapter4Figs/movielens_full_m
ks-1.png> <C:/temp/gitsg/al_proj/Report/Chapter4/Chapter4Figs/movielens_full_mk
s-2.png> <C:/temp/gitsg/al_proj/Report/Chapter4/Chapter4Figs/movielens_full_mcm
cvar-1.png> <C:/temp/gitsg/al_proj/Report/Chapter4/Chapter4Figs/movielens_full_
mcmcvar-2.png> <C:/temp/gitsg/al_proj/Report/Chapter4/Chapter4Figs/movielens_fu
ll_mcmcvar-3.png> <C:/temp/gitsg/al_proj/Report/Chapter4/Chapter4Figs/movielens
_full_mcmcvar-4.png> <C:/temp/gitsg/al_proj/Report/Chapter4/Chapter4Figs/moviel
ens_full_mcmcvar-5.png>]
[48 <C:/temp/gitsg/al_proj/Report/Chapter4/Chapter4Figs/drugbank_mks-1.png> <C:
/temp/gitsg/al_proj/Report/Chapter4/Chapter4Figs/drugbank_mks-2.png> <C:/temp/g
itsg/al_proj/Report/Chapter4/Chapter4Figs/drugbank_mks-3.png> <C:/temp/gitsg/al
_proj/Report/Chapter4/Chapter4Figs/drugbank_mks-4.png> <C:/temp/gitsg/al_proj/R
eport/Chapter4/Chapter4Figs/drugbank_mks-5.png> <C:/temp/gitsg/al_proj/Report/C
hapter4/Chapter4Figs/drugbank_mcmcvar-1.png> <C:/temp/gitsg/al_proj/Report/Chap
ter4/Chapter4Figs/drugbank_mcmcvar-2.png>] [49 <C:/temp/gitsg/al_proj/Report/Ch
apter4/Chapter4Figs/hiva_mcmcmvar-1.png> <C:/temp/gitsg/al_proj/Report/Chapter4
/Chapter4Figs/hiva_mcmcmvar-2.png> <C:/temp/gitsg/al_proj/Report/Chapter4/Chapt
er4Figs/hiva_mcmcmvar-3.png> <C:/temp/gitsg/al_proj/Report/Chapter4/Chapter4Fig
s/hiva_mcmcmvar-4.png> <C:/temp/gitsg/al_proj/Report/Chapter4/Chapter4Figs/hiva
_mcmcmvar-5.png>] [50]) [51]
(C:\temp\gitsg\al_proj\Report\Conclusions/conclusions.tex
Chapter 6.
) [52



] (C:\temp\gitsg\al_proj\Report\thesis.bbl
(C:\temp\gitsg\al_proj\Report\thesis.brf)
\tf@brf=\write11
Missing character: There is no  in font cmr10!
Missing character: There is no  in font cmr10!
 [53



] [54]) [55]
(C:\temp\gitsg\al_proj\Report\Appendix1/appendix1.tex

Package hyperref Warning: Token not allowed in a PDF string (PDFDocEncoding):
(hyperref)                removing `math shift' on input line 22.


Package hyperref Warning: Token not allowed in a PDF string (PDFDocEncoding):
(hyperref)                removing `\lambda' on input line 22.


Package hyperref Warning: Token not allowed in a PDF string (PDFDocEncoding):
(hyperref)                removing `math shift' on input line 22.

[56


]
Package hyperref Info: bookmark level for unknown lstlisting defaults to 0 on i
nput line 52.
 (C:\temp\gitsg\al_proj\Report\Code/create_synthetic_data.m
LaTeX Font Info:    Try loading font information for OMS+pcr on input line 2.

("C:\Program Files (x86)\MiKTeX 2.9\tex\latex\psnfss\omspcr.fd"
File: omspcr.fd 
)
LaTeX Font Info:    Font shape `OMS/pcr/m/n' in size <9> not available
(Font)              Font shape `OMS/cmsy/m/n' tried instead on input line 2.
 [57]
LaTeX Font Info:    Try loading font information for TS1+pcr on input line 35.

("C:\Program Files (x86)\MiKTeX 2.9\tex\latex\psnfss\ts1pcr.fd"
File: ts1pcr.fd 2001/06/04 font definitions for TS1/pcr.
)) [58])
[59] (C:\temp\gitsg\al_proj\Report\Appendix2/appendix2.texpdfTeX warning (ext4)
: destination with the same identifier (name{section..1}) has been already used
, duplicate ignored
<to be read again> 
                   \relax 
l.9 \section{Test Data and Figures}
                                   
(C:\temp\gitsg\al_proj\Report\Appendix2/Appendix2Figs/imagerestore.tikz
<Appendix2/Appendix2Figs/test-1.png, id=1223, 200.75pt x 200.75pt>
File: Appendix2/Appendix2Figs/test-1.png Graphic file (type png)

<use Appendix2/Appendix2Figs/test-1.png>
Package pdftex.def Info: Appendix2/Appendix2Figs/test-1.png used on input line 
26.
(pdftex.def)             Requested size: 180.68556pt x 180.68556pt.

<Appendix2/Appendix2Figs/test-2.png, id=1224, 200.75pt x 200.75pt>
File: Appendix2/Appendix2Figs/test-2.png Graphic file (type png)

<use Appendix2/Appendix2Figs/test-2.png>
Package pdftex.def Info: Appendix2/Appendix2Figs/test-2.png used on input line 
44.
(pdftex.def)             Requested size: 180.68556pt x 180.68556pt.

<Appendix2/Appendix2Figs/test-3.png, id=1225, 200.75pt x 200.75pt>
File: Appendix2/Appendix2Figs/test-3.png Graphic file (type png)

<use Appendix2/Appendix2Figs/test-3.png>
Package pdftex.def Info: Appendix2/Appendix2Figs/test-3.png used on input line 
62.
(pdftex.def)             Requested size: 180.68556pt x 180.68556pt.

<Appendix2/Appendix2Figs/test-4.png, id=1226, 200.75pt x 200.75pt>
File: Appendix2/Appendix2Figs/test-4.png Graphic file (type png)

<use Appendix2/Appendix2Figs/test-4.png>
Package pdftex.def Info: Appendix2/Appendix2Figs/test-4.png used on input line 
80.
(pdftex.def)             Requested size: 180.68556pt x 180.68556pt.

<Appendix2/Appendix2Figs/test-5.png, id=1227, 200.75pt x 200.75pt>
File: Appendix2/Appendix2Figs/test-5.png Graphic file (type png)

<use Appendix2/Appendix2Figs/test-5.png>
Package pdftex.def Info: Appendix2/Appendix2Figs/test-5.png used on input line 
98.
(pdftex.def)             Requested size: 180.68556pt x 180.68556pt.

<Appendix2/Appendix2Figs/test-6.png, id=1228, 200.75pt x 200.75pt>
File: Appendix2/Appendix2Figs/test-6.png Graphic file (type png)

<use Appendix2/Appendix2Figs/test-6.png>
Package pdftex.def Info: Appendix2/Appendix2Figs/test-6.png used on input line 
115.
(pdftex.def)             Requested size: 180.68556pt x 180.68556pt.
)
<Appendix2/Appendix2Figs/random_pmf_err.pdf, id=1229, 465.35756pt x 180.8366pt>
File: Appendix2/Appendix2Figs/random_pmf_err.pdf Graphic file (type pdf)
<use Appendix2/Appendix2Figs/random_pmf_err.pdf>
Package pdftex.def Info: Appendix2/Appendix2Figs/random_pmf_err.pdf used on inp
ut line 21.
(pdftex.def)             Requested size: 455.24408pt x 176.9096pt.

<Appendix2/Appendix2Figs/random_pmf_err_av.pdf, id=1230, 465.35756pt x 180.8366
pt>
File: Appendix2/Appendix2Figs/random_pmf_err_av.pdf Graphic file (type pdf)
 <use Appendix2/Appendix2Figs/random_pmf_err_av.pdf>
Package pdftex.def Info: Appendix2/Appendix2Figs/random_pmf_err_av.pdf used on 
input line 25.
(pdftex.def)             Requested size: 455.24408pt x 176.9096pt.

(C:\temp\gitsg\al_proj\Report\Appendix2/Appendix2Figs/eiffel_targeted.tikz
<Appendix2/Appendix2Figs/eiffel_targeted-1.png, id=1231, 50.1875pt x 80.3pt>
File: Appendix2/Appendix2Figs/eiffel_targeted-1.png Graphic file (type png)

<use Appendix2/Appendix2Figs/eiffel_targeted-1.png>
Package pdftex.def Info: Appendix2/Appendix2Figs/eiffel_targeted-1.png used on 
input line 26.
(pdftex.def)             Requested size: 159.41165pt x 143.034pt.

<Appendix2/Appendix2Figs/eiffel_targeted-2.png, id=1232, 50.1875pt x 80.3pt>
File: Appendix2/Appendix2Figs/eiffel_targeted-2.png Graphic file (type png)

<use Appendix2/Appendix2Figs/eiffel_targeted-2.png>
Package pdftex.def Info: Appendix2/Appendix2Figs/eiffel_targeted-2.png used on 
input line 43.
(pdftex.def)             Requested size: 159.41165pt x 143.034pt.
Missing character: There is no ; in font nullfont!
Missing character: There is no ; in font nullfont!
)
(C:\temp\gitsg\al_proj\Report\Appendix2/Appendix2Figs/cks_end_synth.tikz
<Appendix2/Appendix2Figs/cks_end_synth-1.png, id=1233, 50.1875pt x 80.3pt>
File: Appendix2/Appendix2Figs/cks_end_synth-1.png Graphic file (type png)

<use Appendix2/Appendix2Figs/cks_end_synth-1.png>
Package pdftex.def Info: Appendix2/Appendix2Figs/cks_end_synth-1.png used on in
put line 384.
(pdftex.def)             Requested size: 161.13623pt x 193.26791pt.

<Appendix2/Appendix2Figs/cks_end_synth-2.png, id=1234, 150.5625pt x 240.9pt>
File: Appendix2/Appendix2Figs/cks_end_synth-2.png Graphic file (type png)

<use Appendix2/Appendix2Figs/cks_end_synth-2.png>
Package pdftex.def Info: Appendix2/Appendix2Figs/cks_end_synth-2.png used on in
put line 401.
(pdftex.def)             Requested size: 161.10255pt x 193.26794pt.
)pdfTeX warning (ext4): destination with the same identifier (name{section..2})
 has been already used, duplicate ignored
<to be read again> 
                   \relax 
l.64 \section{Code}
                    [60



 <C:/temp/gitsg/al_proj/Report/Appendix2/Appendix2Figs/test-1.png> <C:/temp/git
sg/al_proj/Report/Appendix2/Appendix2Figs/test-2.png> <C:/temp/gitsg/al_proj/Re
port/Appendix2/Appendix2Figs/test-3.png> <C:/temp/gitsg/al_proj/Report/Appendix
2/Appendix2Figs/test-4.png> <C:/temp/gitsg/al_proj/Report/Appendix2/Appendix2Fi
gs/test-5.png> <C:/temp/gitsg/al_proj/Report/Appendix2/Appendix2Figs/test-6.png
>] [61 <C:/temp/gitsg/al_proj/Report/Appendix2/Appendix2Figs/random_pmf_err.pdf
> <C:/temp/gitsg/al_proj/Report/Appendix2/Appendix2Figs/random_pmf_err_av.pdf>]
 [62 <C:/temp/gitsg/al_proj/Report/Appendix2/Appendix2Figs/eiffel_targeted-1.pn
g> <C:/temp/gitsg/al_proj/Report/Appendix2/Appendix2Figs/eiffel_targeted-2.png>
 <C:/temp/gitsg/al_proj/Report/Appendix2/Appendix2Figs/cks_end_synth-1.png> <C:
/temp/gitsg/al_proj/Report/Appendix2/Appendix2Figs/cks_end_synth-2.png>] (C:\te
mp\gitsg\al_proj\Report\Code/matrixfactoriser/pmf_func.m
LaTeX Font Info:    Try loading font information for OML+pcr on input line 41.
("C:\Program Files (x86)\MiKTeX 2.9\tex\latex\psnfss\omlpcr.fd"
File: omlpcr.fd 
)
LaTeX Font Info:    Font shape `OML/pcr/m/n' in size <9> not available
(Font)              Font shape `OML/cmm/m/it' tried instead on input line 41.
 [63])
(C:\temp\gitsg\al_proj\Report\Code/routines/CKS_UV_cluster.m [64])
(C:\temp\gitsg\al_proj\Report\Code/routines/MN_V.m [65]
Missing character: There is no  in font pcrr7t!
Missing character: There is no  in font pcrr7t!
 [66])
(C:\temp\gitsg\al_proj\Report\Code/routines/expect_norm2.m
Missing character: There is no  in font pcrr7t!
Missing character: There is no  in font pcrr7t!
)
(C:\temp\gitsg\al_proj\Report\Code/routines/expect_norm2.m
Missing character: There is no  in font pcrr7t!
Missing character: There is no  in font pcrr7t!
)
(C:\temp\gitsg\al_proj\Report\Code/main.m [67] [68] [69] [70] [71])) [72]
Package atveryend Info: Empty hook `BeforeClearDocument' on input line 194.
Package atveryend Info: Empty hook `AfterLastShipout' on input line 194.

(C:\temp\gitsg\al_proj\Report\thesis.aux
(C:\temp\gitsg\al_proj\Report\Acknowledgement/acknowledgement.aux)
(C:\temp\gitsg\al_proj\Report\Abstract/abstract.aux)
(C:\temp\gitsg\al_proj\Report\Introduction/introduction.aux)
(C:\temp\gitsg\al_proj\Report\Chapter1/chapter1.aux)
(C:\temp\gitsg\al_proj\Report\Chapter2/chapter2.aux)
(C:\temp\gitsg\al_proj\Report\Chapter3/chapter3.aux)
(C:\temp\gitsg\al_proj\Report\Chapter4/chapter4.aux)
(C:\temp\gitsg\al_proj\Report\Conclusions/conclusions.aux)
(C:\temp\gitsg\al_proj\Report\Appendix1/appendix1.aux)
(C:\temp\gitsg\al_proj\Report\Appendix2/appendix2.aux))
Package atveryend Info: Executing hook `AtVeryEndDocument' on input line 194.
Package atveryend Info: Executing hook `AtEndAfterFileList' on input line 194.
Package rerunfilecheck Info: File `thesis.out' has not changed.
(rerunfilecheck)             Checksum: F00C057CB26660F4915F374F0340006E;6011.
Package rerunfilecheck Info: File `thesis.brf' has not changed.
(rerunfilecheck)             Checksum: 7AE6E09942443FDB36C1B87E85B7F17C;1774.
 ) 
Here is how much of TeX's memory you used:
 30508 strings out of 494045
 782319 string characters out of 3145954
 1157979 words of memory out of 3000000
 32147 multiletter control sequences out of 15000+200000
 24205 words of font info for 91 fonts, out of 3000000 for 9000
 715 hyphenation exceptions out of 8191
 57i,21n,95p,11483b,1882s stack positions out of 5000i,500n,10000p,200000b,50000s
pdfTeX warning (dest): name{algorithm.5} has been referenced but does not exi
st, replaced by a fixed one

pdfTeX warning (dest): name{algorithm.4} has been referenced but does not exist
, replaced by a fixed one

pdfTeX warning (dest): name{algorithm.3} has been referenced but does not exist
, replaced by a fixed one

pdfTeX warning (dest): name{algorithm.2} has been referenced but does not exist
, replaced by a fixed one

pdfTeX warning (dest): name{algorithm.1} has been referenced but does not exist
, replaced by a fixed one

{C:/Program Files (x86)/MiKTeX 2.9/fonts/enc/dvips/fontname/8r.enc}{C:/Program 
Files (x86)/MiKTeX 2.9/fonts/enc/dvips/cm-super/cm-super-ts1.enc}<C:/Program Fi
les (x86)/MiKTeX 2.9/fonts/type1/public/amsfonts/cm/cmbx10.pfb><C:/Program File
s (x86)/MiKTeX 2.9/fonts/type1/public/amsfonts/cm/cmbx12.pfb><C:/Program Files 
(x86)/MiKTeX 2.9/fonts/type1/public/amsfonts/cm/cmbx8.pfb><C:/Program Files (x8
6)/MiKTeX 2.9/fonts/type1/public/amsfonts/cm/cmbxti10.pfb><C:/Program Files (x8
6)/MiKTeX 2.9/fonts/type1/public/amsfonts/cm/cmcsc10.pfb><C:/Program Files (x86
)/MiKTeX 2.9/fonts/type1/public/amsfonts/cm/cmex10.pfb><C:/Program Files (x86)/
MiKTeX 2.9/fonts/type1/public/amsfonts/cm/cmmi10.pfb><C:/Program Files (x86)/Mi
KTeX 2.9/fonts/type1/public/amsfonts/cm/cmmi12.pfb><C:/Program Files (x86)/MiKT
eX 2.9/fonts/type1/public/amsfonts/cm/cmmi6.pfb><C:/Program Files (x86)/MiKTeX 
2.9/fonts/type1/public/amsfonts/cm/cmmi7.pfb><C:/Program Files (x86)/MiKTeX 2.9
/fonts/type1/public/amsfonts/cm/cmmi8.pfb><C:/Program Files (x86)/MiKTeX 2.9/fo
nts/type1/public/amsfonts/cm/cmmi9.pfb><C:/Program Files (x86)/MiKTeX 2.9/fonts
/type1/public/amsfonts/cm/cmmib10.pfb><C:/Program Files (x86)/MiKTeX 2.9/fonts/
type1/public/amsfonts/cm/cmr10.pfb><C:/Program Files (x86)/MiKTeX 2.9/fonts/typ
e1/public/amsfonts/cm/cmr12.pfb><C:/Program Files (x86)/MiKTeX 2.9/fonts/type1/
public/amsfonts/cm/cmr6.pfb><C:/Program Files (x86)/MiKTeX 2.9/fonts/type1/publ
ic/amsfonts/cm/cmr8.pfb><C:/Program Files (x86)/MiKTeX 2.9/fonts/type1/public/a
msfonts/cm/cmr9.pfb><C:/Program Files (x86)/MiKTeX 2.9/fonts/type1/public/amsfo
nts/cm/cmssi10.pfb><C:/Program Files (x86)/MiKTeX 2.9/fonts/type1/public/amsfon
ts/cm/cmsy10.pfb><C:/Program Files (x86)/MiKTeX 2.9/fonts/type1/public/amsfonts
/cm/cmsy6.pfb><C:/Program Files (x86)/MiKTeX 2.9/fonts/type1/public/amsfonts/cm
/cmsy8.pfb><C:/Program Files (x86)/MiKTeX 2.9/fonts/type1/public/amsfonts/cm/cm
sy9.pfb><C:/Program Files (x86)/MiKTeX 2.9/fonts/type1/public/amsfonts/cm/cmti1
0.pfb><C:/Program Files (x86)/MiKTeX 2.9/fonts/type1/public/amsfonts/cm/cmtt10.
pfb><C:/Program Files (x86)/MiKTeX 2.9/fonts/type1/public/amsfonts/cm/cmtt9.pfb
><C:/Program Files (x86)/MiKTeX 2.9/fonts/type1/public/amsfonts/euler/eufm10.pf
b><C:/Program Files (x86)/MiKTeX 2.9/fonts/type1/public/amsfonts/symbols/msam10
.pfb><C:/Program Files (x86)/MiKTeX 2.9/fonts/type1/public/amsfonts/symbols/msb
m10.pfb><C:/Program Files (x86)/MiKTeX 2.9/fonts/type1/public/cm-super/sfrm1095
.pfb><C:/Program Files (x86)/MiKTeX 2.9/fonts/type1/urw/courier/ucrr8a.pfb>
Output written on thesis.pdf (81 pages, 2427614 bytes).
PDF statistics:
 1993 PDF objects out of 2073 (max. 8388607)
 730 named destinations out of 1000 (max. 500000)
 1100 words of extra memory for PDF output out of 10000 (max. 10000000)

