\BOOKMARK [0][]{chapter*.1}{Contents}{}% 1
\BOOKMARK [0][]{chapter*.2}{List of Figures}{}% 2
\BOOKMARK [0][]{chapter*.3}{Glossary}{}% 3
\BOOKMARK [0][]{chapter.1}{1 Introduction}{}% 4
\BOOKMARK [1][]{section.1.1}{1.1 Outline}{chapter.1}% 5
\BOOKMARK [1][]{section.1.2}{1.2 Project Specification}{chapter.1}% 6
\BOOKMARK [1][]{section.1.3}{1.3 Report Structure}{chapter.1}% 7
\BOOKMARK [0][]{chapter.2}{2 Recommender Systems}{}% 8
\BOOKMARK [1][]{section.2.1}{2.1 Basics}{chapter.2}% 9
\BOOKMARK [1][]{section.2.2}{2.2 Types of Recommender Systems}{chapter.2}% 10
\BOOKMARK [2][]{subsection.2.2.1}{2.2.1 Overview}{section.2.2}% 11
\BOOKMARK [2][]{subsection.2.2.2}{2.2.2 Probabilistic Matrix Factorisation}{section.2.2}% 12
\BOOKMARK [2][]{subsection.2.2.3}{2.2.3 Bayesian Probabilistic Matrix Factorisation}{section.2.2}% 13
\BOOKMARK [2][]{subsection.2.2.4}{2.2.4 Kernelized Probabilistic Matrix Factorization}{section.2.2}% 14
\BOOKMARK [1][]{section.2.3}{2.3 Evaluation and comments}{chapter.2}% 15
\BOOKMARK [2][]{subsection.2.3.1}{2.3.1 Performance test}{section.2.3}% 16
\BOOKMARK [2][]{subsection.2.3.2}{2.3.2 Choosing parameters}{section.2.3}% 17
\BOOKMARK [3][]{subsubsection.2.3.2.1}{2.3.2.1 Learning rate }{subsection.2.3.2}% 18
\BOOKMARK [2][]{subsection.2.3.3}{2.3.3 Pre-Processing datasets}{section.2.3}% 19
\BOOKMARK [3][]{subsubsection.2.3.3.1}{2.3.3.1 Normalisation}{subsection.2.3.3}% 20
\BOOKMARK [3][]{subsubsection.2.3.3.2}{2.3.3.2 Discrete Data}{subsection.2.3.3}% 21
\BOOKMARK [2][]{subsection.2.3.4}{2.3.4 Online vs Offline learning}{section.2.3}% 22
\BOOKMARK [2][]{subsection.2.3.5}{2.3.5 Test and Validation dataset}{section.2.3}% 23
\BOOKMARK [2][]{subsection.2.3.6}{2.3.6 Data quality}{section.2.3}% 24
\BOOKMARK [0][]{chapter.3}{3 Active Sample Selection}{}% 25
\BOOKMARK [1][]{section.3.1}{3.1 Background}{chapter.3}% 26
\BOOKMARK [1][]{section.3.2}{3.2 Measuring Effectiveness}{chapter.3}% 27
\BOOKMARK [2][]{subsection.3.2.1}{3.2.1 Discrete vs Continuous Data}{section.3.2}% 28
\BOOKMARK [1][]{section.3.3}{3.3 Formal Definition}{chapter.3}% 29
\BOOKMARK [1][]{section.3.4}{3.4 Goals of Active Sampling}{chapter.3}% 30
\BOOKMARK [1][]{section.3.5}{3.5 Minimum Knowledge Search}{chapter.3}% 31
\BOOKMARK [2][]{subsection.3.5.1}{3.5.1 Algorithm}{section.3.5}% 32
\BOOKMARK [2][]{subsection.3.5.2}{3.5.2 Notes on performance}{section.3.5}% 33
\BOOKMARK [2][]{subsection.3.5.3}{3.5.3 Comments}{section.3.5}% 34
\BOOKMARK [0][]{chapter.4}{4 Advanced Sample Selection}{}% 35
\BOOKMARK [1][]{section.4.1}{4.1 Clustered Knowledge Sampling}{chapter.4}% 36
\BOOKMARK [2][]{subsection.4.1.1}{4.1.1 Outline}{section.4.1}% 37
\BOOKMARK [2][]{subsection.4.1.2}{4.1.2 Algorithm}{section.4.1}% 38
\BOOKMARK [2][]{subsection.4.1.3}{4.1.3 Performance}{section.4.1}% 39
\BOOKMARK [2][]{subsection.4.1.4}{4.1.4 Improvements and Limitations}{section.4.1}% 40
\BOOKMARK [1][]{section.4.2}{4.2 Cell Specific Search Methods}{chapter.4}% 41
\BOOKMARK [1][]{section.4.3}{4.3 Matrix-Normal Variance Search}{chapter.4}% 42
\BOOKMARK [2][]{subsection.4.3.1}{4.3.1 Derivation}{section.4.3}% 43
\BOOKMARK [2][]{subsection.4.3.2}{4.3.2 Performance}{section.4.3}% 44
\BOOKMARK [3][]{subsubsection.4.3.2.1}{4.3.2.1 Improving Performance}{subsection.4.3.2}% 45
\BOOKMARK [1][]{section.4.4}{4.4 MCMC Variance Search}{chapter.4}% 46
\BOOKMARK [2][]{subsection.4.4.1}{4.4.1 Derivation}{section.4.4}% 47
\BOOKMARK [2][]{subsection.4.4.2}{4.4.2 Performance}{section.4.4}% 48
\BOOKMARK [1][]{section.4.5}{4.5 Lookahead Search}{chapter.4}% 49
\BOOKMARK [2][]{subsection.4.5.1}{4.5.1 Algorithm}{section.4.5}% 50
\BOOKMARK [2][]{subsection.4.5.2}{4.5.2 Performance}{section.4.5}% 51
\BOOKMARK [1][]{section.4.6}{4.6 Combining CKS with MCMC Variance}{chapter.4}% 52
\BOOKMARK [2][]{subsection.4.6.1}{4.6.1 Algorithm}{section.4.6}% 53
\BOOKMARK [2][]{subsection.4.6.2}{4.6.2 Improvements}{section.4.6}% 54
\BOOKMARK [1][]{section.4.7}{4.7 Comparing Algorithms}{chapter.4}% 55
\BOOKMARK [0][]{chapter.5}{5 Evaluation and Observations}{}% 56
\BOOKMARK [1][]{section.5.1}{5.1 Test on Larger Datasets}{chapter.5}% 57
\BOOKMARK [2][]{subsection.5.1.1}{5.1.1 Pre-Processing}{section.5.1}% 58
\BOOKMARK [2][]{subsection.5.1.2}{5.1.2 Dealing with large sizes}{section.5.1}% 59
\BOOKMARK [2][]{subsection.5.1.3}{5.1.3 Results}{section.5.1}% 60
\BOOKMARK [2][]{subsection.5.1.4}{5.1.4 General Observations}{section.5.1}% 61
\BOOKMARK [1][]{section.5.2}{5.2 Notes on General Active Sampling Performance}{chapter.5}% 62
\BOOKMARK [2][]{subsection.5.2.1}{5.2.1 Future Work and Improvements}{section.5.2}% 63
\BOOKMARK [2][]{subsection.5.2.2}{5.2.2 Real-World Application Consideration}{section.5.2}% 64
\BOOKMARK [1][]{section.5.3}{5.3 Observations on RMSE}{chapter.5}% 65
\BOOKMARK [0][]{chapter.6}{6 Conclusion}{}% 66
\BOOKMARK [0][]{chapter*.31}{References}{}% 67
\BOOKMARK [0][]{appendix*.32}{Appendix A}{}% 68
\BOOKMARK [1][]{section..1}{A.1 Probabilistic Matrix Factorization}{appendix*.32}% 69
\BOOKMARK [2][]{subsection..1.1}{A.1.1 Details of derivation}{section..1}% 70
\BOOKMARK [2][]{subsection..1.2}{A.1.2 \040as a Lagrange multiplier}{section..1}% 71
\BOOKMARK [1][]{section..2}{A.2 Bayesian Probabilistic Matrix Factorization}{appendix*.32}% 72
\BOOKMARK [1][]{section..3}{A.3 Synthetic Data Generation}{appendix*.32}% 73
\BOOKMARK [1][]{section..4}{A.4 Clustering}{appendix*.32}% 74
\BOOKMARK [2][]{subsection..4.1}{A.4.1 K-Means}{section..4}% 75
\BOOKMARK [0][]{appendix*.33}{Appendix B}{}% 76
\BOOKMARK [1][]{section..1}{B.1 Test Data and Figures}{appendix*.33}% 77
\BOOKMARK [1][]{section..2}{B.2 Code}{appendix*.33}% 78
\BOOKMARK [2][]{subsection..2.1}{B.2.1 PMF}{section..2}% 79
\BOOKMARK [2][]{subsection..2.2}{B.2.2 CKS}{section..2}% 80
\BOOKMARK [2][]{subsection..2.3}{B.2.3 Matrix-Normal Variance calculation}{section..2}% 81
\BOOKMARK [2][]{subsection..2.4}{B.2.4 Main Runtime Code for active sampling simulation}{section..2}% 82
